Case #1: 1 0
Case #2: 1 0
Case #3: 1 1
Case #4: 0 0
Case #5: 500 499
Case #6: 0 0
Case #7: 1 0
Case #8: 1 1
Case #9: 1 0
Case #10: 1 0
Case #11: 0 0
Case #12: 0 0
Case #13: 1 0
Case #14: 1 1
Case #15: 0 0
Case #16: 3906 3905
Case #17: 2 1
Case #18: 1 1
Case #19: 0 0
Case #20: 1 1
Case #21: 0 0
Case #22: 1 0
Case #23: 0 0
Case #24: 0 0
Case #25: 7812 7811
Case #26: 1 0
Case #27: 1 0
Case #28: 1 0
Case #29: 1 0
Case #30: 0 0
Case #31: 0 0
Case #32: 0 0
Case #33: 0 0
Case #34: 0 0
Case #35: 500000 499999
Case #36: 1 1
Case #37: 1 1
Case #38: 0 0
Case #39: 1 0
Case #40: 1 0
Case #41: 1 1
Case #42: 0 0
Case #43: 1 1
Case #44: 0 0
Case #45: 249999 249999
Case #46: 1 0
Case #47: 0 0
Case #48: 1 1
Case #49: 3 2
Case #50: 250000 249999
Case #51: 0 0
Case #52: 499999 499999
Case #53: 0 0
Case #54: 0 0
Case #55: 0 0
Case #56: 1 0
Case #57: 0 0
Case #58: 3906 3905
Case #59: 1 0
Case #60: 0 0
Case #61: 0 0
Case #62: 0 0
Case #63: 1 0
Case #64: 0 0
Case #65: 0 0
Case #66: 0 0
Case #67: 0 0
Case #68: 1 0
Case #69: 0 0
Case #70: 0 0
Case #71: 0 0
Case #72: 7812 7811
Case #73: 0 0
Case #74: 0 0
Case #75: 125000 124999
Case #76: 1 0
Case #77: 0 0
Case #78: 0 0
Case #79: 3 2
Case #80: 0 0
Case #81: 1953 1952
Case #82: 3905 3905
Case #83: 0 0
Case #84: 0 0
Case #85: 0 0
Case #86: 2 2
Case #87: 250000 249999
Case #88: 0 0
Case #89: 3 2
Case #90: 0 0
Case #91: 0 0
Case #92: 0 0
Case #93: 1 0
Case #94: 1 0
Case #95: 0 0
Case #96: 0 0
Case #97: 1 1
Case #98: 0 0
Case #99: 0 0
Case #100: 0 0
