Case #1:
GCJ
GCJ
GCJ
Case #2:
CODE
CODE
CJAM
Case #3:
CA
KE
Case #4:
A
Case #5:
AAAAEEEBBBBBBFFFFHIJJJJJJ
AAAAEEEBBBBBBFFFFHIJJJJJJ
AAAAEEEBBBBBBFFFFHIJJJJJJ
AAAAEEEBBBBBBFFFFHIJJJJJJ
AAAAEEEBBBBBBFFFFHIJJJJJJ
AAAAEEEBBBBBBFFFFHIJJJJJJ
AAAAEEEBBBBBBFFFFHIJJJJJJ
AAAAEEEBBBBBBFFFFHIJJJJJJ
AAAAEEEBBBBBBFFFFHIJJJJJJ
CCCCEEEBBBBBBFFFFHIJJJJJJ
CCCCEEEDDDDDDFFFFHIJJJJJJ
CCCCEEEDDDDDDFFFFHIJJJJJJ
CCCCEEEDDDDDDFFFFHIJJJJJJ
CCCCEEEDDDDDDFFFFHIJJJJJJ
CCCCEEEDDDDDDFFFFHIJJJJJJ
CCCCEEEDDDDDDFFFFHIJJJJJJ
CCCCEEEDDDDDDFFFFHIJJJJJJ
CCCCEEEDDDDDDFFFFHIJJJJJJ
CCCCEEEDDDDDDFFFFHIJJJJJJ
CCCCEEEDDDDDDFFFFHIJJJJJJ
CCCCEEEDDDDDDFFFFHIJJJJJJ
CCCCEEEDDDDDDFFFFHIJJJJJJ
CCCCEEEDDDDDDFFFFHIJJJJJJ
CCCCEEEDDDDDDFFFFHIJJJJJJ
CCCCEEEDDDDDDGGGGHIJJJJJJ
Case #6:
YHVKBBBFAWPPZGSQIIMLLLLLL
YHVKBBBFAWPPZGSQIIMLLLLLL
YHVKBBBFAWPPZGSQIIMLLLLLL
YHVKBBBFAWPPZNSQIIMLLLLLL
YHVKBBBFAWPPZNSQIIMLLLLLL
YHVKBBBFAWPPZNSQIIMLLLLLL
YHVKBBBFAWPPZNSQIIMLLLLLL
YHVKBBBFAWPPZNSQIIMLLLLLL
YHVKBBBFAWPPZNSQIIMLLLLLL
OHVKBBBFAWPPZNSQIIMLLLLLL
OHVKBBBFAWPPZNSQIIMLLLLLL
OHVKBBBFAWPPZNSQIIMLLLLLL
OHVKBBBFAWPPZNSQIIMRRRRRR
OHVKBBBFAWPPZNSQIIXRRRRRR
OHVKBBBFAWPPZNSEIIXRRRRRR
OHVKBBBFAWPPZNSEIIXRRRRRR
OHVKBBBFAWPPZNSEIIXRRRRRR
OHVKBBBFAWPPZNSEIIXRRRRRR
OHVKBBBFAWPPZNSEIIXRRRRRR
OHVDBBBFAWPPZNSEIIXUUUUUU
OHJDBBBTAWPPZNSEIIXUUUUUU
OHJDBBBTAWPPZNSEIIXUUUUUU
OHJDBBBTAWPPZNSEIIXUUUUUU
OHJDBBBTAWPPZCSEIIXUUUUUU
OHJDBBBTAWPPZCSEIIXUUUUUU
Case #7:
BBHLAANXXJRRUYYYQQQMMMTEI
BBHLAANXXJRRUYYYQQQMMMTEI
BBHLAANXXJRRUYYYQQQMMMTEI
BBHLAANXXJRRUYYYQQQMMMTEI
BBHLAANXXJRRUYYYQQQMMMTEI
BBHLAANXXJRRUYYYQQQMMMTEI
BBHLAANXXJRRUYYYQQQMMMTEI
BBHLAANXXJRRUYYYQQQMMMTEI
BBHLAANXXJRRGYYYQQQMMMTEI
BBHLAANXXJRRGYYYQQQMMMTEI
BBHLAANXXJRRGYYYQQQMMMTEI
BBHLAANXXJRRGYYYQQQMMMTEI
BBHLAANXXJRRGYYYQQQMMMTEI
BBHLAANXXJRRGYYYQQQMMMTEI
BBHLAANXXJRRGYYYQQQMMMTEI
BBHLAANXXJRRGYYYQQQMMMTEI
BBHLFFNXXSRRGYYYQQQMMMTEI
DDHLWWNXXSRRGYYYQQQMMMTEI
DDHLWWNXXSRRGYYYQQQMMMCEI
DDHLVVNXXSRRGYYYQQQMMMCEI
DDHLVVNXXPRRGYYYQQQMMMCEI
DDHLVVNXXPRRGYYYQQQMMMOEI
DDHLVVNXXPRRGZZZQQQMMMOEI
DDHLVVNXXPRRGZZZQQQMMMOEI
DDHKVVNXXPRRGZZZQQQMMMOEI
Case #8:
BA
BA
Case #9:
SSSSSSSSSSSSSVVVQFOKKJCEG
SSSSSSSSSSSSSVVVQFOKKJCEG
SSSSSSSSSSSSSVVVQFOKKJCEG
SSSSSSSSSSSSSVVVQFOKKJCEG
SSSSSSSSSSSSSVVVQFOAAJCEG
SSSSSSSSSSSSSVVVQFOAAMCEG
SSSSSSSSSSSSSVVVQFOAAMCEG
SSSSSSSSSSSSSVVVQFOHHMBEU
SSSSSSSSSSSSSVVVQFOHHPBEU
SSSSSSSSSSSSSNNNQFOIIYLTU
SSSSSSSSSSSSSNNNQFOIIYLTU
SSSSSSSSSSSSSNNNQFOWWYLXU
SSSSSSSSSSSSSNNNQFOWWZLXU
SSSSSSSSSSSSSNNNQFOWWZLXU
SSSSSSSSSSSSSNNNQFOWWZLDU
SSSSSSSSSSSSSNNNQFOWWZLDU
SSSSSSSSSSSSSNNNQFOWWZRDU
SSSSSSSSSSSSSNNNQFOWWZRDU
SSSSSSSSSSSSSNNNQFOWWZRDU
SSSSSSSSSSSSSNNNQFOWWZRDU
SSSSSSSSSSSSSNNNQFOWWZRDU
SSSSSSSSSSSSSNNNQFOWWZRDU
SSSSSSSSSSSSSNNNQFOWWZRDU
SSSSSSSSSSSSSNNNQFOWWZRDU
SSSSSSSSSSSSSNNNQFOWWZRDU
Case #10:
HTNNJOOLXXFFZVVCWWKMMAUUG
HTNNJOOLXXFFZVVCWWKMMAUUG
HTNNJOOLXXFFZVVCWWKMMAUUG
HTNNJOOLXXFFZVVCWWKMMAUUG
HQNNJOOLXXFFZVVCWWKMMAUUG
HQNNJOOLXXFFZVVCWWKMMAUUG
HQNNJOOLXXFFZVVCWWKMMAUUG
HQNNJOOLXXFFZVVCWWKMMAUUG
HQNNJOOLXXFFZVVCWWKMMAUUG
SQNNJOOLXXFFPVVCWWKMMAUUG
SQNNJOOLIIFFPVVCWWKMMAUUG
SQNNJOOLIIFFPVVCWWKMMAUUG
SQNNJOOLIIFFPVVCWWKMMAUUG
SQNNJOOLIIFFPVVCWWKMMAUUG
SQNNJOOLIIFFPVVCWWKMMAUUG
SQNNJOOLIIFFPVVCWWKMMAUUG
SQNNJOOLIIFFPVVCWWKMMAUUG
SQNNJOOLIIFFPVVCWWKMMAUUG
SQNNJOOLIIFFPVVCWWKMMAUUG
SQNNJOOLIIFFPVVCWWKDDAUUG
SQNNJOOLYYFFPVVCWWKDDAUUG
SQNNJOOLYYFFPVVCWWKDDAUUG
SQNNJOOLYYFFPVVCWWKDDAUUG
BQNNJOOLYYEEPVVCWWKDDAUUG
BQNNJOOLYYEERVVCWWKDDAUUG
Case #11:
AAAAAAAAAAAAAAAAAAAAAAAAA
BBBBBBBBBBBBBBBBBBBBBBBBB
CCCCCCCCCCCCCCCCCCCCCCCCC
DDDDDDDDDDDDDDDDDDDDDDDDD
EEEEEEEEEEEEEEEEEEEEEEEEE
FFFFFFFFFFFFFFFFFFFFFFFFF
GGGGGGGGGGGGGGGGGGGGGGGGG
HHHHHHHHHHHHHHHHHHHHHHHHH
IIIIIIIIIIIIIIIIIIIIIIIII
JJJJJJJJJJJJJJJJJJJJJJJJJ
KKKKKKKKKKKKKKKKKKKKKKKKK
LLLLLLLLLLLLLLLLLLLLLLLLL
MMMMMMMMMMMMMMMMMMMMMMMMM
NNNNNNNNNNNNNNNNNNNNNNNNN
OOOOOOOOOOOOOOOOOOOOOOOOO
PPPPPPPPPPPPPPPPPPPPPPPPP
QQQQQQQQQQQQQQQQQQQQQQQQQ
RRRRRRRRRRRRRRRRRRRRRRRRR
SSSSSSSSSSSSSSSSSSSSSSSSS
TTTTTTTTTTTTTTTTTTTTTTTTT
UUUUUUUUUUUUUUUUUUUUUUUUU
VVVVVVVVVVVVVVVVVVVVVVVVV
WWWWWWWWWWWWWWWWWWWWWWWWW
XXXXXXXXXXXXXXXXXXXXXXXXX
YYYYYYYYYYYYYYYYYYYYYYYYY
Case #12:
AAAAACDEEEEEEFFFFFFJJJGGG
AAAAACDEEEEEEFFFFFFJJJGGG
AAAAACDEEEEEEFFFFFFJJJGGG
AAAAACDEEEEEEFFFFFFJJJGGG
AAAAACDEEEEEEFFFFFFJJJGGG
AAAAACDEEEEEEFFFFFFJJJGGG
BBBBBCDEEEEEEFFFFFFJJJGGG
BBBBBCDEEEEEEFFFFFFJJJGGG
BBBBBCDEEEEEEFFFFFFJJJGGG
BBBBBCDEEEEEEFFFFFFJJJGGG
BBBBBCDEEEEEEFFFFFFJJJGGG
BBBBBCDEEEEEEFFFFFFJJJGGG
BBBBBCDEEEEEEFFFFFFJJJGGG
BBBBBCDEEEEEEFFFFFFJJJGGG
BBBBBCDEEEEEEFFFFFFJJJGGG
BBBBBCDEEEEEEFFFFFFJJJGGG
BBBBBCDEEEEEEFFFFFFJJJGGG
BBBBBCDEEEEEEFFFFFFJJJGGG
BBBBBCDEEEEEEHHHHHHJJJGGG
BBBBBCDEEEEEEHHHHHHJJJIII
BBBBBCDEEEEEEHHHHHHJJJIII
BBBBBCDEEEEEEHHHHHHJJJIII
BBBBBCDEEEEEEHHHHHHJJJIII
BBBBBCDEEEEEEHHHHHHJJJIII
BBBBBCDEEEEEEHHHHHHJJJIII
Case #13:
AAAAAAEBBBBBBFFFFFFFHIJJJ
AAAAAAEBBBBBBFFFFFFFHIJJJ
AAAAAAEBBBBBBFFFFFFFHIJJJ
AAAAAAEBBBBBBFFFFFFFHIJJJ
AAAAAAEBBBBBBFFFFFFFHIJJJ
AAAAAAEBBBBBBFFFFFFFHIJJJ
AAAAAAEBBBBBBFFFFFFFHIJJJ
AAAAAAEBBBBBBFFFFFFFHIJJJ
AAAAAAEBBBBBBFFFFFFFHIJJJ
CCCCCCEBBBBBBFFFFFFFHIJJJ
CCCCCCEDDDDDDFFFFFFFHIJJJ
CCCCCCEDDDDDDFFFFFFFHIJJJ
CCCCCCEDDDDDDFFFFFFFHIJJJ
CCCCCCEDDDDDDFFFFFFFHIJJJ
CCCCCCEDDDDDDFFFFFFFHIJJJ
CCCCCCEDDDDDDFFFFFFFHIJJJ
CCCCCCEDDDDDDFFFFFFFHIJJJ
CCCCCCEDDDDDDFFFFFFFHIJJJ
CCCCCCEDDDDDDGGGGGGGHIJJJ
CCCCCCEDDDDDDGGGGGGGHIJJJ
CCCCCCEDDDDDDGGGGGGGHIJJJ
CCCCCCEDDDDDDGGGGGGGHIJJJ
CCCCCCEDDDDDDGGGGGGGHIJJJ
CCCCCCEDDDDDDGGGGGGGHIJJJ
CCCCCCEDDDDDDGGGGGGGHIJJJ
Case #14:
AAEEBBBBBBBBBFFFHIJJJJJJJ
AAEEBBBBBBBBBFFFHIJJJJJJJ
CCEEBBBBBBBBBFFFHIJJJJJJJ
CCEEDDDDDDDDDFFFHIJJJJJJJ
CCEEDDDDDDDDDFFFHIJJJJJJJ
CCEEDDDDDDDDDFFFHIJJJJJJJ
CCEEDDDDDDDDDFFFHIJJJJJJJ
CCEEDDDDDDDDDFFFHIJJJJJJJ
CCEEDDDDDDDDDFFFHIJJJJJJJ
CCEEDDDDDDDDDFFFHIJJJJJJJ
CCEEDDDDDDDDDFFFHIJJJJJJJ
CCEEDDDDDDDDDFFFHIJJJJJJJ
CCEEDDDDDDDDDFFFHIJJJJJJJ
CCEEDDDDDDDDDFFFHIJJJJJJJ
CCEEDDDDDDDDDFFFHIJJJJJJJ
CCEEDDDDDDDDDFFFHIJJJJJJJ
CCEEDDDDDDDDDFFFHIJJJJJJJ
CCEEDDDDDDDDDFFFHIJJJJJJJ
CCEEDDDDDDDDDFFFHIJJJJJJJ
CCEEDDDDDDDDDFFFHIJJJJJJJ
CCEEDDDDDDDDDFFFHIJJJJJJJ
CCEEDDDDDDDDDFFFHIJJJJJJJ
CCEEDDDDDDDDDGGGHIJJJJJJJ
CCEEDDDDDDDDDGGGHIJJJJJJJ
CCEEDDDDDDDDDGGGHIJJJJJJJ
Case #15:
DDDDUACVFXLGGGGGGGGGGGGGG
DDDDUACKFXLGGGGGGGGGGGGGG
DDDDUACKFXLGGGGGGGGGGGGGG
DDDDUACPZXLGGGGGGGGGGGGGG
DDDDUSCQIXLGGGGGGGGGGGGGG
DDDDUYCQRXLGGGGGGGGGGGGGG
NNNNUOCHEXLGGGGGGGGGGGGGG
NNNNUJCWEXBGGGGGGGGGGGGGG
NNNNUJMWTXBGGGGGGGGGGGGGG
NNNNUJMWTXBGGGGGGGGGGGGGG
NNNNUJMWTXBGGGGGGGGGGGGGG
NNNNUJMWTXBGGGGGGGGGGGGGG
NNNNUJMWTXBGGGGGGGGGGGGGG
NNNNUJMWTXBGGGGGGGGGGGGGG
NNNNUJMWTXBGGGGGGGGGGGGGG
NNNNUJMWTXBGGGGGGGGGGGGGG
NNNNUJMWTXBGGGGGGGGGGGGGG
NNNNUJMWTXBGGGGGGGGGGGGGG
NNNNUJMWTXBGGGGGGGGGGGGGG
NNNNUJMWTXBGGGGGGGGGGGGGG
NNNNUJMWTXBGGGGGGGGGGGGGG
NNNNUJMWTXBGGGGGGGGGGGGGG
NNNNUJMWTXBGGGGGGGGGGGGGG
NNNNUJMWTXBGGGGGGGGGGGGGG
NNNNUJMWTXBGGGGGGGGGGGGGG
Case #16:
KRRSOOAAHYTEUQWVMXIIIDFF
KRRSOOAAHYTEUQWVMXIIIDFF
KRRSOOAAHYTEUQWVMXIIIDFF
KRRSOOAAHYTEUQWVMXIIIDFF
KRRSOOAAHYTEUQWVMXIIIDFF
KRRSOOAAHYTEUQWVMXIIIDFF
KRRSOOAAHYTEUQWVMXIIIDFF
KRRSOOAAHYTEUQWVMXIIIDFF
KRRSOOAAHYTEUQWVMXIIIDFF
KRRSOOAAHYTEUQWVMXIIIDFF
KRRSOOAAHYTEUQWVMXIIIDFF
KRRSOOAAHYTEUQWVMXIIIDFF
KRRSOOAAHYTEUQWJMXIIIDFF
KRRSOOAAHYTEUQWJMXIIIDFF
KRRSOOAAHYTEUQWJMXIIIDFF
KRRSOOAAHYTEUQWJMXIIIDFF
KRRSOOAAHYTEUQWJMXIIIDFF
KRRSOOAAHYPEUQWJMXIIIDFF
KRRSOOAAHYPEUQWJMXIIIDFF
KRRSOOAAHYPEUQWJMXIIIDFF
KRRSNNAAHYPEUQWJMXIIIDFF
KRRSNNAAHYPEUQWJMXIIIDFF
KRRSBBAAHYPEUQWJMXIIIDFF
KRRSBBAAHYPEUQWJMXIIIDFF
KRRSBBAALYGEUQWJMCIIIDFF
Case #17:
VVZZOODYJJRBECCWIIIKHPPPP
VVZZOODYJJRBECCWIIIKHPPPP
VVZZOODYJJRBECCWIIIKHPPPP
VVZZOODYJJRBECCWIIIKHPPPP
VVMMOODYJJRBECCWIIIKHPPPP
VVMMOODYJJRBECCWIIIKHPPPP
VVMMOODYJJRBECCWIIIKHPPPP
VVMMOODYJJRBECCWIIIKHPPPP
VVMMOODYJJRBECCWIIIKHPPPP
VVMMOODYJJRBECCWIIIKHPPPP
VVMMOODYJJRBECCWIIIKHPPPP
VVMMOODYJJRBECCWIIIKHPPPP
VVMMOODYJJRBECCWIIIKHPPPP
VVMMOODYJJRBECCWIIIKHPPPP
VVMMOODYJJRBECCWIIIKHPPPP
VVMMOODYJJRBECCWIIIKHPPPP
VVMMOODYJJRBTCCWLLLKHPPPP
VVMMOOUYJJRBTCCWLLLKHSSSS
VVMMXXUYJJRBTCCWLLLKHSSSS
VVQQXXUYJJRBTCCWLLLKHSSSS
VVQQGGUYJJRBTCCNLLLKHSSSS
VVQQGGUYJJRBTCCNLLLKHSSSS
VVQQGGUYJJRBTCCNLLLKHSSSS
AAQQGGUYJJRBTCCNLLLKHSSSS
AAQQGGUYJJRBTFFNLLLKHSSSS
Case #18:
VVVVGAMQFYHHJUUNDDDIKSCCB
VVVVGAMQFYHHJUUNDDDIKSCCB
VVVVGAMQFYHHJUUNDDDIKSCCB
VVVVGAMQFYHHJUUNDDDIKSCCB
VVVVGAMQFYHHJUUNDDDIKSCCB
VVVVGAMQFYHHJUUNDDDIKSCCB
VVVVGAMQFYHHJUUNDDDIKSCCB
VVVVGAMQFYHHJUUNDDDIKSCCB
VVVVGZMEFYHHJUUNDDDIKSCCB
VVVVGZMEFYHHJUUNDDDIKSCCB
VVVVGZMEFYHHJUUNDDDIKSCCB
VVVVGZMEFYHHJUUNDDDIKSCCB
VVVVGZMEFYHHJUUNDDDIKSCCB
VVVVGZMEFYHHJUUNDDDIKSCCB
VVVVGZMEFYHHJUUNDDDIKSCCB
VVVVGZMEFYHHJUUNDDDIKSCCB
VVVVGZMEFYHHJUUNDDDIKSCCB
VVVVGZMEFYHHJUUNDDDIKSCCB
VVVVGZMEFYHHJUUNDDDIKSCCB
VVVVGZMEFYHHJUUNDDDIKSCCB
XXXXGZMWFYHHJUUNDDDIKSCCT
XXXXGZMWFYHHJUUNDDDIKSCCT
XXXXGZMWFYHHJUUNDDDIKPCCT
XXXXGZMWFLHHJUUNDDDIRPCCT
XXXXGZMWFLHHJUUNDDDIROCCT
Case #19:
AAAAAAAAAAAEEBBBBBBBBBBBB
AAAAAAAAAAAEEBBBBBBBBBBBB
AAAAAAAAAAAEEBBBBBBBBBBBB
AAAAAAAAAAAEEBBBBBBBBBBBB
AAAAAAAAAAAEEBBBBBBBBBBBB
AAAAAAAAAAAEEBBBBBBBBBBBB
AAAAAAAAAAAEEBBBBBBBBBBBB
AAAAAAAAAAAEEBBBBBBBBBBBB
AAAAAAAAAAAEEBBBBBBBBBBBB
AAAAAAAAAAAEEBBBBBBBBBBBB
AAAAAAAAAAAEEBBBBBBBBBBBB
AAAAAAAAAAAEEBBBBBBBBBBBB
AAAAAAAAAAAEEBBBBBBBBBBBB
AAAAAAAAAAAEEBBBBBBBBBBBB
AAAAAAAAAAAEEBBBBBBBBBBBB
AAAAAAAAAAAEEBBBBBBBBBBBB
AAAAAAAAAAAEEBBBBBBBBBBBB
AAAAAAAAAAAEEBBBBBBBBBBBB
CCCCCCCCCCCEEBBBBBBBBBBBB
CCCCCCCCCCCEEDDDDDDDDDDDD
CCCCCCCCCCCEEDDDDDDDDDDDD
CCCCCCCCCCCEEDDDDDDDDDDDD
CCCCCCCCCCCEEDDDDDDDDDDDD
CCCCCCCCCCCEEDDDDDDDDDDDD
CCCCCCCCCCCEEDDDDDDDDDDDD
Case #20:
UUUUUUUUUOXDFRIAMMMMMMMMM
UUUUUUUUUOXDFRIAMMMMMMMMM
UUUUUUUUUOXDFRIAMMMMMMMMM
UUUUUUUUUOXDFRIAMMMMMMMMM
UUUUUUUUUOXDFRIAMMMMMMMMM
UUUUUUUUUOXDFRIAMMMMMMMMM
UUUUUUUUUOXDFRIAMMMMMMMMM
UUUUUUUUUOXDFRIAMMMMMMMMM
UUUUUUUUUOXDFRIAMMMMMMMMM
UUUUUUUUUOXDJRIAMMMMMMMMM
UUUUUUUUUOXZNWQAMMMMMMMMM
UUUUUUUUUOXVNWQAMMMMMMMMM
UUUUUUUUUOCVNYPAMMMMMMMMM
UUUUUUUUUOSBTLPHMMMMMMMMM
UUUUUUUUUOSBGLPHMMMMMMMMM
UUUUUUUUUOSKELPHMMMMMMMMM
UUUUUUUUUOSKELPHMMMMMMMMM
UUUUUUUUUOSKELPHMMMMMMMMM
UUUUUUUUUOSKELPHMMMMMMMMM
UUUUUUUUUOSKELPHMMMMMMMMM
UUUUUUUUUOSKELPHMMMMMMMMM
UUUUUUUUUOSKELPHMMMMMMMMM
UUUUUUUUUOSKELPHMMMMMMMMM
UUUUUUUUUOSKELPHMMMMMMMMM
UUUUUUUUUOSKELPHMMMMMMMMM
Case #21:
NNNNNNNNNNNNNNNNNNQXHWVKJ
NNNNNNNNNNNNNNNNNNQXHWVKJ
NNNNNNNNNNNNNNNNNNQXHWVKJ
NNNNNNNNNNNNNNNNNNQXHWVKJ
NNNNNNNNNNNNNNNNNNQXHWVKJ
NNNNNNNNNNNNNNNNNNQXHWVKJ
NNNNNNNNNNNNNNNNNNQXHWVKJ
NNNNNNNNNNNNNNNNNNQXHWVKJ
NNNNNNNNNNNNNNNNNNQXHWVKJ
NNNNNNNNNNNNNNNNNNQXHWVKJ
NNNNNNNNNNNNNNNNNNQXHWVKJ
NNNNNNNNNNNNNNNNNNQXHWVKJ
NNNNNNNNNNNNNNNNNNQXHWVKJ
NNNNNNNNNNNNNNNNNNQXHWVKJ
NNNNNNNNNNNNNNNNNNQXHWVKJ
NNNNNNNNNNNNNNNNNNQXHWVKJ
NNNNNNNNNNNNNNNNNNQXHWVKJ
NNNNNNNNNNNNNNNNNNQXHWVKE
NNNNNNNNNNNNNNNNNNQXHWVKR
NNNNNNNNNNNNNNNNNNQXHLVKU
NNNNNNNNNNNNNNNNNNQXBLIKZ
NNNNNNNNNNNNNNNNNNQABLIKO
NNNNNNNNNNNNNNNNNNQABLIKY
NNNNNNNNNNNNNNNNNNQDCLGKF
NNNNNNNNNNNNNNNNNNQSCLPTM
Case #22:
GNJSPPOHLLVVXZZZQQFRKKDDC
GNJSPPOHLLVVXZZZQQFRKKDDC
GNJSPPOHLLVVXZZZQQFRKKDDC
GNJSPPOHLLVVXZZZQQFRKKDDC
GNJSPPOHLLVVXZZZQQFRKKDDC
GNJSPPOHLLVVXZZZQQFRKKDDC
GNJSPPOHLLVVXZZZQQFRKKDDC
GNJSPPOHLLVVXZZZQQFRKKDDC
GNJSPPOHLLVVXZZZQQFRKKDDY
GNJSPPOHLLVVIZZZQQFRKKDDY
GNJSPPOHLLVVIZZZAAFRKKDDY
GNJSPPOHLLVVIZZZAAFRKKDDY
GNJSPPOHLLVVIZZZAAFRKKDDY
GNJSPPOHLLVVIZZZAAFRKKBBY
GNJSPPOHLLVVIZZZAAFRKKBBY
GNJSPPOHLLVVIZZZAAFRKKBBY
GNJSPPOHLLVVIZZZAAERKKBBY
GNJMPPOHLLVVIZZZAAERKKBBY
GNUMPPOHLLVVIZZZAAERKKBBY
GNUMPPOHLLVVIZZZAAERKKBBY
WNUMPPOHLLVVIZZZAAERKKBBY
WNUMPPOHLLVVIZZZAAERKKBBY
WNUMPPOHLLVVIZZZAAERKKBBY
WNUMPPOHLLVVIZZZAAERKKBBY
WNUMTTOHLLVVIZZZAAERKKBBY
Case #23:
VVVVVVVVVVVVSCCXRREUIOJTD
VVVVVVVVVVVVSCCXRREUIOJTD
VVVVVVVVVVVVSCCXRREUIOJTD
VVVVVVVVVVVVSCCXRREUIOJTD
VVVVVVVVVVVVSCCXRREUIOJTD
VVVVVVVVVVVVSCCXRREUIOJTD
VVVVVVVVVVVVSCCXRREUIOJTD
VVVVVVVVVVVVSCCXRREUIOJTD
VVVVVVVVVVVVSCCXRREUIOJTD
VVVVVVVVVVVVSCCXRREUIOJTD
VVVVVVVVVVVVSCCXRREUIOJTD
VVVVVVVVVVVVSCCXRREUIOJTD
VVVVVVVVVVVVSCCXRREUIOJTD
VVVVVVVVVVVVSCCXRREUIOJTD
VVVVVVVVVVVVSCCXRREUIMJTD
VVVVVVVVVVVVSCCXRREUIMJTD
VVVVVVVVVVVVSCCXBBEUKHJTD
VVVVVVVVVVVVSCCXBBENZHJTD
VVVVVVVVVVVVSCCXBBENZHJTD
VVVVVVVVVVVVSCCXBBENZHJQD
VVVVVVVVVVVVSCCXGGEAFWJQD
VVVVVVVVVVVVSCCXGGEAFWJPD
VVVVVVVVVVVVSCCXGGEAFWJPD
VVVVVVVVVVVVSCCXGGEAFWJPD
VVVVVVVVVVVVSCCXYYELFWJPD
Case #24:
ABCDEFGHIJKLMNOPQRSTUVWXY
ABCDEFGHIJKLMNOPQRSTUVWXY
ABCDEFGHIJKLMNOPQRSTUVWXY
ABCDEFGHIJKLMNOPQRSTUVWXY
ABCDEFGHIJKLMNOPQRSTUVWXY
ABCDEFGHIJKLMNOPQRSTUVWXY
ABCDEFGHIJKLMNOPQRSTUVWXY
ABCDEFGHIJKLMNOPQRSTUVWXY
ABCDEFGHIJKLMNOPQRSTUVWXY
ABCDEFGHIJKLMNOPQRSTUVWXY
ABCDEFGHIJKLMNOPQRSTUVWXY
ABCDEFGHIJKLMNOPQRSTUVWXY
ABCDEFGHIJKLMNOPQRSTUVWXY
ABCDEFGHIJKLMNOPQRSTUVWXY
ABCDEFGHIJKLMNOPQRSTUVWXY
ABCDEFGHIJKLMNOPQRSTUVWXY
ABCDEFGHIJKLMNOPQRSTUVWXY
ABCDEFGHIJKLMNOPQRSTUVWXY
ABCDEFGHIJKLMNOPQRSTUVWXY
ABCDEFGHIJKLMNOPQRSTUVWXY
ABCDEFGHIJKLMNOPQRSTUVWXY
ABCDEFGHIJKLMNOPQRSTUVWXY
ABCDEFGHIJKLMNOPQRSTUVWXY
ABCDEFGHIJKLMNOPQRSTUVWXY
ABCDEFGHIJKLMNOPQRSTUVWXY
Case #25:
UIYPNNQODEXXXLLLVVVSSRBBW
UIYPNNQODEXXXLLLVVVSSRBBW
UIYPNNQODEXXXLLLVVVSSRBBW
UIYPNNQODEXXXLLLVVVSSRBBW
UIYPNNQODEXXXLLLVVVSSRBBW
UIYPNNQODEXXXLLLVVVSSRBBW
UIYPNNQODEXXXLLLVVVSSRBBW
UIYPNNQODMXXXLLLVVVSSRBBW
CIYPNNQODMXXXLLLVVVSSRBBW
CIYPNNQODMXXXLLLVVVSSRBBW
CIYPTTQODMXXXLLLVVVSSRBBW
CIYPTTQODMXXXLLLVVVSSRGGW
CIYPTTQODMXXXLLLVVVSSRGGW
CIYPTTQOFMXXXLLLVVVSSRGGW
CIYPTTQOFMXXXLLLVVVSSRGGW
CIYPTTQOFMXXXLLLVVVSSRGGW
CIYPTTQOFMXXXLLLVVVSSRGGW
CIYPTTQOFMXXXLLLVVVSSRGGW
CIYPTTQOFMXXXAAAVVVSSRGGW
CIYPTTQOFMXXXAAAVVVSSRGGW
CIYPTTQHFMXXXAAAVVVSSKGGW
CIYPTTQHFMXXXAAAVVVSSKGGW
CIYJTTQHFMXXXAAAVVVSSKGGW
CIYJTTQHFMXXXAAAVVVSSKGGW
Case #26:
AB
Case #27:
MLAJJ
MLAJJ
KIAJJ
GCHJJ
BNOJJ
EFOJJ
DFOJJ
Case #28:
ABCDEFGHIJKLMNOPQRSTUVWXY
ABCDEFGHIJKLMNOPQRSTUVWXY
ABCDEFGHIJKLMNOPQRSTUVWXY
ABCDEFGHIJKLMNOPQRSTUVWXY
ABCDEFGHIJKLMNOPQRSTUVWXY
ABCDEFGHIJKLMNOPQRSTUVWXY
ABCDEFGHIJKLMNOPQRSTUVWXY
ABCDEFGHIJKLMNOPQRSTUVWXY
ABCDEFGHIJKLMNOPQRSTUVWXY
ABCDEFGHIJKLMNOPQRSTUVWXY
ABCDEFGHIJKLMNOPQRSTUVWXY
ABCDEFGHIJKLMNOPQRSTUVWXY
ABCDEFGHIJKLMNOPQRSTUVWXY
ABCDEFGHIJKLMNOPQRSTUVWXY
ABCDEFGHIJKLMNOPQRSTUVWXY
ABCDEFGHIJKLMNOPQRSTUVWXY
ABCDEFGHIJKLMNOPQRSTUVWXY
ABCDEFGHIJKLMNOPQRSTUVWXY
ABCDEFGHIJKLMNOPQRSTUVWXY
ABCDEFGHIJKLMNOPQRSTUVWXY
ABCDEFGHIJKLMNOPQRSTUVWXY
ABCDEFGHIJKLMNOPQRSTUVWXY
ABCDEFGHIJKLMNOPQRSTUVWXY
ABCDEFGHIJKLMNOPQRSTUVWXY
ABCDEFGHIJKLMNOPQRSTUVWXY
Case #29:
AEEEBBBBBBBBBFFFFFHIJJJJJ
AEEEBBBBBBBBBFFFFFHIJJJJJ
AEEEBBBBBBBBBFFFFFHIJJJJJ
AEEEBBBBBBBBBFFFFFHIJJJJJ
AEEEBBBBBBBBBFFFFFHIJJJJJ
CEEEBBBBBBBBBFFFFFHIJJJJJ
CEEEDDDDDDDDDFFFFFHIJJJJJ
CEEEDDDDDDDDDFFFFFHIJJJJJ
CEEEDDDDDDDDDFFFFFHIJJJJJ
CEEEDDDDDDDDDFFFFFHIJJJJJ
CEEEDDDDDDDDDFFFFFHIJJJJJ
CEEEDDDDDDDDDFFFFFHIJJJJJ
CEEEDDDDDDDDDFFFFFHIJJJJJ
CEEEDDDDDDDDDFFFFFHIJJJJJ
CEEEDDDDDDDDDFFFFFHIJJJJJ
CEEEDDDDDDDDDFFFFFHIJJJJJ
CEEEDDDDDDDDDFFFFFHIJJJJJ
CEEEDDDDDDDDDFFFFFHIJJJJJ
CEEEDDDDDDDDDFFFFFHIJJJJJ
CEEEDDDDDDDDDFFFFFHIJJJJJ
CEEEDDDDDDDDDFFFFFHIJJJJJ
CEEEDDDDDDDDDGGGGGHIJJJJJ
CEEEDDDDDDDDDGGGGGHIJJJJJ
CEEEDDDDDDDDDGGGGGHIJJJJJ
CEEEDDDDDDDDDGGGGGHIJJJJJ
Case #30:
JJJJJJJJJJJJJJJTPNVMBRYYY
JJJJJJJJJJJJJJJTPNVMBRYYY
JJJJJJJJJJJJJJJTPNVMBRYYY
JJJJJJJJJJJJJJJTPNVMBRYYY
JJJJJJJJJJJJJJJTPNVMBRYYY
JJJJJJJJJJJJJJJTPNVMBRYYY
JJJJJJJJJJJJJJJTPNVMBRYYY
JJJJJJJJJJJJJJJTPNVMBRYYY
JJJJJJJJJJJJJJJTPNVMBRYYY
JJJJJJJJJJJJJJJTPNVMBRYYY
JJJJJJJJJJJJJJJTPNVMBRYYY
JJJJJJJJJJJJJJJTPNVMBRYYY
JJJJJJJJJJJJJJJTPNVMBRYYY
JJJJJJJJJJJJJJJTPNVMBRYYY
JJJJJJJJJJJJJJJTPNVMBRYYY
JJJJJJJJJJJJJJJTPNVMBRYYY
JJJJJJJJJJJJJJJWPNVZBRYYY
JJJJJJJJJJJJJJJWPHVCBUYYY
JJJJJJJJJJJJJJJWPEVLBKXXX
JJJJJJJJJJJJJJJQAEVLGKXXX
JJJJJJJJJJJJJJJQSIFOGKXXX
JJJJJJJJJJJJJJJQSIDOGKXXX
JJJJJJJJJJJJJJJQSIDOGKXXX
JJJJJJJJJJJJJJJQSIDOGKXXX
JJJJJJJJJJJJJJJQSIDOGKXXX
Case #31:
CB
CA
Case #32:
AAAAAAAAAAAAAAAAAAAAAAAAA
BBBBBBBBBBBBBBBBBBBBBBBBB
CCCCCCCCCCCCCCCCCCCCCCCCC
DDDDDDDDDDDDDDDDDDDDDDDDD
EEEEEEEEEEEEEEEEEEEEEEEEE
FFFFFFFFFFFFFFFFFFFFFFFFF
GGGGGGGGGGGGGGGGGGGGGGGGG
HHHHHHHHHHHHHHHHHHHHHHHHH
IIIIIIIIIIIIIIIIIIIIIIIII
JJJJJJJJJJJJJJJJJJJJJJJJJ
KKKKKKKKKKKKKKKKKKKKKKKKK
LLLLLLLLLLLLLLLLLLLLLLLLL
MMMMMMMMMMMMMMMMMMMMMMMMM
NNNNNNNNNNNNNNNNNNNNNNNNN
OOOOOOOOOOOOOOOOOOOOOOOOO
PPPPPPPPPPPPPPPPPPPPPPPPP
QQQQQQQQQQQQQQQQQQQQQQQQQ
RRRRRRRRRRRRRRRRRRRRRRRRR
SSSSSSSSSSSSSSSSSSSSSSSSS
TTTTTTTTTTTTTTTTTTTTTTTTT
UUUUUUUUUUUUUUUUUUUUUUUUU
VVVVVVVVVVVVVVVVVVVVVVVVV
WWWWWWWWWWWWWWWWWWWWWWWWW
XXXXXXXXXXXXXXXXXXXXXXXXX
YYYYYYYYYYYYYYYYYYYYYYYYY
Case #33:
VCOOAAADZLYKKIIFXGMSSSNNP
VCOOAAADZLYKKIIFXGMSSSNNP
VCOOAAADZLYKKIIFXGMSSSNNP
VCOOAAADZLYKKIIFXGMSSSNNP
VCOOAAADZLYKKIIFXGMSSSNNP
VCOOAAADZLYKKIIFXGMSSSNNP
VCOOAAADZLYKKIIFXGMSSSNNP
VCOOAAADZLYKKIIFXGMSSSNNP
VCOOAAADZLYKKIIFXGMSSSNNP
VCOOAAADZLYKKIIFXQMSSSNNP
VCOOAAADZLYKKIIFXQMSSSNNP
VCOOAAADZLYKKIIFXQMSSSNNP
VCOOAAADZLYKKIIFXQMSSSNNP
VCWWAAADZLYKKIIFXQMSSSNNP
VCWWAAADZLYKKIIFXQMSSSNNP
VCWWAAADZLYKKIIFXQMHHHNNP
VCWWAAADZLYKKIIFXQMHHHNNP
VCBBAAADZLYKKIIFXQMHHHNNP
VCBBAAADZLYKKIIFXJMHHHNNP
VCTTAAADZLYKKIIEXJMHHHNNP
VCTTAAADZLYKKIIEXJMHHHNNP
VCTTAAADZLYKKIIEXJMHHHNNP
VCTTAAADZLYKKIIEXJMHHHNNP
VCTTUUUDZLYKKIIEXJMHHHNNP
VCTTUUUDZLRKKIIEXJMHHHNNP
Case #34:
AAAAAAAEEEBBBBBBBBBBBBBBB
AAAAAAAEEEBBBBBBBBBBBBBBB
AAAAAAAEEEBBBBBBBBBBBBBBB
AAAAAAAEEEBBBBBBBBBBBBBBB
AAAAAAAEEEBBBBBBBBBBBBBBB
AAAAAAAEEEBBBBBBBBBBBBBBB
AAAAAAAEEEBBBBBBBBBBBBBBB
AAAAAAAEEEBBBBBBBBBBBBBBB
AAAAAAAEEEBBBBBBBBBBBBBBB
AAAAAAAEEEBBBBBBBBBBBBBBB
AAAAAAAEEEBBBBBBBBBBBBBBB
AAAAAAAEEEBBBBBBBBBBBBBBB
AAAAAAAEEEBBBBBBBBBBBBBBB
AAAAAAAEEEBBBBBBBBBBBBBBB
AAAAAAAEEEBBBBBBBBBBBBBBB
AAAAAAAEEEBBBBBBBBBBBBBBB
AAAAAAAEEEBBBBBBBBBBBBBBB
AAAAAAAEEEBBBBBBBBBBBBBBB
CCCCCCCEEEBBBBBBBBBBBBBBB
CCCCCCCEEEDDDDDDDDDDDDDDD
CCCCCCCEEEDDDDDDDDDDDDDDD
CCCCCCCEEEDDDDDDDDDDDDDDD
CCCCCCCEEEDDDDDDDDDDDDDDD
CCCCCCCEEEDDDDDDDDDDDDDDD
CCCCCCCEEEDDDDDDDDDDDDDDD
Case #35:
AAAAAAAAAAAAAAAAAAAAAAAAA
BBBBBBBBBBBBBBBBBBBBBBBBB
CCCCCCCCCCCCCCCCCCCCCCCCC
DDDDDDDDDDDDDDDDDDDDDDDDD
EEEEEEEEEEEEEEEEEEEEEEEEE
FFFFFFFFFFFFFFFFFFFFFFFFF
GGGGGGGGGGGGGGGGGGGGGGGGG
HHHHHHHHHHHHHHHHHHHHHHHHH
IIIIIIIIIIIIIIIIIIIIIIIII
JJJJJJJJJJJJJJJJJJJJJJJJJ
KKKKKKKKKKKKKKKKKKKKKKKKK
LLLLLLLLLLLLLLLLLLLLLLLLL
MMMMMMMMMMMMMMMMMMMMMMMMM
NNNNNNNNNNNNNNNNNNNNNNNNN
OOOOOOOOOOOOOOOOOOOOOOOOO
PPPPPPPPPPPPPPPPPPPPPPPPP
QQQQQQQQQQQQQQQQQQQQQQQQQ
RRRRRRRRRRRRRRRRRRRRRRRRR
SSSSSSSSSSSSSSSSSSSSSSSSS
TTTTTTTTTTTTTTTTTTTTTTTTT
UUUUUUUUUUUUUUUUUUUUUUUUU
VVVVVVVVVVVVVVVVVVVVVVVVV
WWWWWWWWWWWWWWWWWWWWWWWWW
XXXXXXXXXXXXXXXXXXXXXXXXX
YYYYYYYYYYYYYYYYYYYYYYYYY
Case #36:
AA
AA
Case #37:
AAAAAAAAAEEEEBBBBBBBBBBBB
AAAAAAAAAEEEEBBBBBBBBBBBB
AAAAAAAAAEEEEBBBBBBBBBBBB
AAAAAAAAAEEEEBBBBBBBBBBBB
AAAAAAAAAEEEEBBBBBBBBBBBB
AAAAAAAAAEEEEBBBBBBBBBBBB
AAAAAAAAAEEEEBBBBBBBBBBBB
AAAAAAAAAEEEEBBBBBBBBBBBB
AAAAAAAAAEEEEBBBBBBBBBBBB
AAAAAAAAAEEEEBBBBBBBBBBBB
AAAAAAAAAEEEEBBBBBBBBBBBB
AAAAAAAAAEEEEBBBBBBBBBBBB
AAAAAAAAAEEEEBBBBBBBBBBBB
AAAAAAAAAEEEEBBBBBBBBBBBB
AAAAAAAAAEEEEBBBBBBBBBBBB
CCCCCCCCCEEEEBBBBBBBBBBBB
CCCCCCCCCEEEEDDDDDDDDDDDD
CCCCCCCCCEEEEDDDDDDDDDDDD
CCCCCCCCCEEEEDDDDDDDDDDDD
CCCCCCCCCEEEEDDDDDDDDDDDD
CCCCCCCCCEEEEDDDDDDDDDDDD
CCCCCCCCCEEEEDDDDDDDDDDDD
CCCCCCCCCEEEEDDDDDDDDDDDD
CCCCCCCCCEEEEDDDDDDDDDDDD
CCCCCCCCCEEEEDDDDDDDDDDDD
Case #38:
GGSMCIEVVRLFWZBQXXXAYYNNT
JJSMCIKVVRLFWPDQHHHOYYNNU
Case #39:
AAACDEEEEEEEEFFFFJJGGGGGG
AAACDEEEEEEEEFFFFJJGGGGGG
AAACDEEEEEEEEFFFFJJGGGGGG
AAACDEEEEEEEEFFFFJJGGGGGG
AAACDEEEEEEEEFFFFJJGGGGGG
AAACDEEEEEEEEFFFFJJGGGGGG
AAACDEEEEEEEEFFFFJJGGGGGG
BBBCDEEEEEEEEFFFFJJGGGGGG
BBBCDEEEEEEEEFFFFJJGGGGGG
BBBCDEEEEEEEEFFFFJJGGGGGG
BBBCDEEEEEEEEFFFFJJGGGGGG
BBBCDEEEEEEEEFFFFJJGGGGGG
BBBCDEEEEEEEEFFFFJJGGGGGG
BBBCDEEEEEEEEFFFFJJGGGGGG
BBBCDEEEEEEEEFFFFJJGGGGGG
BBBCDEEEEEEEEFFFFJJGGGGGG
BBBCDEEEEEEEEFFFFJJGGGGGG
BBBCDEEEEEEEEFFFFJJGGGGGG
BBBCDEEEEEEEEFFFFJJGGGGGG
BBBCDEEEEEEEEFFFFJJGGGGGG
BBBCDEEEEEEEEHHHHJJGGGGGG
BBBCDEEEEEEEEHHHHJJIIIIII
BBBCDEEEEEEEEHHHHJJIIIIII
BBBCDEEEEEEEEHHHHJJIIIIII
BBBCDEEEEEEEEHHHHJJIIIIII
Case #40:
ZFOLEPYIRBJJWWWWWWWWWWWWW
ZFOLEPYIRBJJWWWWWWWWWWWWW
ZFOLEPYIRBJJWWWWWWWWWWWWW
ZFOLEPYIRBJJWWWWWWWWWWWWW
ZFOLEPYIRBJJWWWWWWWWWWWWW
ZFOLEPYIRBJJWWWWWWWWWWWWW
ZFOLEPYIRBJJWWWWWWWWWWWWW
ZFOLEPYIRBJJWWWWWWWWWWWWW
ZFOLEPYIRBJJWWWWWWWWWWWWW
ZFOLEPYIRBJJWWWWWWWWWWWWW
ZFOLEPYIRBJJWWWWWWWWWWWWW
ZFOLEPYIRBJJWWWWWWWWWWWWW
ZFOLEPYIRBJJWWWWWWWWWWWWW
ZFOLEPYIRBJJWWWWWWWWWWWWW
ZFOLEPYIRBJJWWWWWWWWWWWWW
ZFOLHPYIRBJJWWWWWWWWWWWWW
ZFOLHPVIRBJJWWWWWWWWWWWWW
ZFOLHPVIRBJJWWWWWWWWWWWWW
ZFOLAPVIRBJJWWWWWWWWWWWWW
ZFOLAPVIRKJJWWWWWWWWWWWWW
ZSOLACVIRKDDWWWWWWWWWWWWW
ZSOLACVGNKDDWWWWWWWWWWWWW
ZMOLACVGNKDDWWWWWWWWWWWWW
ZTOLACVGUKXXWWWWWWWWWWWWW
ZTOLACVGQKXXWWWWWWWWWWWWW
Case #41:
EECYXHUSLMIDDDDDDDDDDDDDD
EECYXHUSLMIDDDDDDDDDDDDDD
EECYXHUSLMIDDDDDDDDDDDDDD
EECYXHUSLMIDDDDDDDDDDDDDD
EECRXHUSLMIDDDDDDDDDDDDDD
EETRXHUSLMIDDDDDDDDDDDDDD
EETBXHUSLMIDDDDDDDDDDDDDD
ZZNWXHUSLMIDDDDDDDDDDDDDD
ZZPWXHUSLMIDDDDDDDDDDDDDD
ZZPWXHUSLMIDDDDDDDDDDDDDD
ZZPWXHUSLMIDDDDDDDDDDDDDD
ZZPWXHUSLKIDDDDDDDDDDDDDD
ZZPWQHUSLOIDDDDDDDDDDDDDD
ZZPWFHUSJOIDDDDDDDDDDDDDD
ZZPWFGUSJOIDDDDDDDDDDDDDD
ZZPWFAUSJOIDDDDDDDDDDDDDD
ZZPWFAUSJOIDDDDDDDDDDDDDD
ZZPWFAUSJOIDDDDDDDDDDDDDD
ZZVWFAUSJOIDDDDDDDDDDDDDD
ZZVWFAUSJOIDDDDDDDDDDDDDD
ZZVWFAUSJOIDDDDDDDDDDDDDD
ZZVWFAUSJOIDDDDDDDDDDDDDD
ZZVWFAUSJOIDDDDDDDDDDDDDD
ZZVWFAUSJOIDDDDDDDDDDDDDD
ZZVWFAUSJOIDDDDDDDDDDDDDD
Case #42:
AAAAAAAAAAAAAAAAAAAAAAAAA
AAAAAAAAAAAAAAAAAAAAAAAAA
AAAAAAAAAAAAAAAAAAAAAAAAA
AAAAAAAAAAAAAAAAAAAAAAAAA
AAAAAAAAAAAAAAAAAAAAAAAAA
AAAAAAAAAAAAAAAAAAAAAAAAA
AAAAAAAAAAAAAAAAAAAAAAAAA
AAAAAAAAAAAAAAAAAAAAAAAAA
AAAAAAAAAAAAAAAAAAAAAAAAA
AAAAAAAAAAAAAAAAAAAAAAAAA
AAAAAAAAAAAAAAAAAAAAAAAAA
AAAAAAAAAAAAAAAAAAAAAAAAA
AAAAAAAAAAAAAAAAAAAAAAAAA
AAAAAAAAAAAAAAAAAAAAAAAAA
AAAAAAAAAAAAAAAAAAAAAAAAA
AAAAAAAAAAAAAAAAAAAAAAAAA
AAAAAAAAAAAAAAAAAAAAAAAAA
AAAAAAAAAAAAAAAAAAAAAAAAA
AAAAAAAAAAAAAAAAAAAAAAAAA
AAAAAAAAAAAAAAAAAAAAAAAAA
AAAAAAAAAAAAAAAAAAAAAAAAA
AAAAAAAAAAAAAAAAAAAAAAAAA
AAAAAAAAAAAAAAAAAAAAAAAAA
AAAAAAAAAAAAAAAAAAAAAAAAA
AAAAAAAAAAAAAAAAAAAAAAAAA
Case #43:
AACBB
AACBB
AACBB
AACBB
AACBB
Case #44:
JAUFMPRRRRRRRRRRRRRRRRRRR
JAUFMPRRRRRRRRRRRRRRRRRRR
JAUFMPRRRRRRRRRRRRRRRRRRR
JAUFMPRRRRRRRRRRRRRRRRRRR
JAUFMPRRRRRRRRRRRRRRRRRRR
JAUFMPRRRRRRRRRRRRRRRRRRR
JAUFMPRRRRRRRRRRRRRRRRRRR
JAUFMPRRRRRRRRRRRRRRRRRRR
JAUFMPRRRRRRRRRRRRRRRRRRR
JAUFMPRRRRRRRRRRRRRRRRRRR
JAUFMPRRRRRRRRRRRRRRRRRRR
TAUFMPRRRRRRRRRRRRRRRRRRR
CAEFMPRRRRRRRRRRRRRRRRRRR
QAEGMPRRRRRRRRRRRRRRRRRRR
QLEZMPRRRRRRRRRRRRRRRRRRR
QDNBMYRRRRRRRRRRRRRRRRRRR
QDNIXYRRRRRRRRRRRRRRRRRRR
KDNVXYRRRRRRRRRRRRRRRRRRR
SOWHXYRRRRRRRRRRRRRRRRRRR
SOWHXYRRRRRRRRRRRRRRRRRRR
SOWHXYRRRRRRRRRRRRRRRRRRR
SOWHXYRRRRRRRRRRRRRRRRRRR
SOWHXYRRRRRRRRRRRRRRRRRRR
SOWHXYRRRRRRRRRRRRRRRRRRR
SOWHXYRRRRRRRRRRRRRRRRRRR
Case #45:
ACDEEEEEEEEEEEEEEEEEEEEEE
ACDEEEEEEEEEEEEEEEEEEEEEE
ACDEEEEEEEEEEEEEEEEEEEEEE
ACDEEEEEEEEEEEEEEEEEEEEEE
ACDEEEEEEEEEEEEEEEEEEEEEE
ACDEEEEEEEEEEEEEEEEEEEEEE
ACDEEEEEEEEEEEEEEEEEEEEEE
ACDEEEEEEEEEEEEEEEEEEEEEE
ACDEEEEEEEEEEEEEEEEEEEEEE
BCDEEEEEEEEEEEEEEEEEEEEEE
BCDEEEEEEEEEEEEEEEEEEEEEE
BCDEEEEEEEEEEEEEEEEEEEEEE
BCDEEEEEEEEEEEEEEEEEEEEEE
BCDEEEEEEEEEEEEEEEEEEEEEE
BCDEEEEEEEEEEEEEEEEEEEEEE
BCDEEEEEEEEEEEEEEEEEEEEEE
BCDEEEEEEEEEEEEEEEEEEEEEE
BCDEEEEEEEEEEEEEEEEEEEEEE
BCDEEEEEEEEEEEEEEEEEEEEEE
BCDEEEEEEEEEEEEEEEEEEEEEE
BCDEEEEEEEEEEEEEEEEEEEEEE
BCDEEEEEEEEEEEEEEEEEEEEEE
BCDEEEEEEEEEEEEEEEEEEEEEE
BCDEEEEEEEEEEEEEEEEEEEEEE
BCDEEEEEEEEEEEEEEEEEEEEEE
Case #46:
VVVHDDQZZZCCTNNAFEPBBLSSM
VVVHDDQZZZCCTNNAFEPBBLSSM
VVVHDDQZZZCCTNNAFEPBBLSSM
VVVHDDQZZZCCTNNAFEPBBLSSM
VVVHDDQZZZCCTNNAFEPBBLSSM
VVVHDDQZZZCCTNNAFEPBBLSSM
VVVHDDQZZZCCTNNAFEPBBLSSM
VVVHDDQZZZCCTNNAFEPBBLSSM
VVVHDDQZZZCCTNNAFEPBBLSSM
VVVHDDQZZZCCTNNAFEPBBGSSM
VVVHDDQZZZCCTNNAFEPBBGSSM
VVVHDDQZZZCCTNNAFEPBBGSSM
VVVHDDQZZZCCTNNAFEPBBGSSM
VVVHDDQZZZCCTNNAFEPBBKSSM
VVVHDDQZZZCCTNNAOEPBBKSSM
VVVHUUQZZZCCTNNAOEPBBKSSM
VVVHUUQZZZCCTNNAOEPBBKSSM
VVVHUUQZZZCCTNNAOEPBBKSSM
VVVHUUQZZZCCTNNAIEPWWKRRM
VVVHUUQZZZCCTNNAIEPWWKRRM
VVVHUUQZZZCCTNNAXEPWWKRRM
VVVHUUQZZZCCTNNAXEPWWKRRM
VVVHUUQZZZCCTNNAXYPWWKRRM
VVVHUUQZZZCCTNNAXYPWWKRRM
VVVHUUQZZZCCTNNAXJPWWKRRM
Case #47:
YYYYUUUXXZINOVVFRLLCDTAGG
YYYYUUUXXZINOVVFRLLCDTAGG
YYYYUUUXXZINOVVFRLLCDTAGG
YYYYUUUXXZINOVVFRLLCDTAGG
YYYYUUUXXZINOVVFRLLCDTAGG
YYYYUUUXXZINOVVFRLLCDTAGG
YYYYUUUXXHINOVVFRLLCDTAGG
YYYYUUUXXHINOVVFRLLCDTAGG
YYYYUUUXXHINOVVFRLLCDTAGG
YYYYUUUXXHINOVVFRLLCDTAGG
YYYYUUUXXHINOVVFRLLCDTAGG
YYYYUUUXXHINOVVFRLLCDTAGG
YYYYUUUXXHINOVVFRLLCDTAGG
YYYYUUUXXHINOVVFRLLCDTAGG
YYYYUUUXXHINOVVPRMMCJTAGG
YYYYUUUKKHINOVVPRMMCJTAGG
YYYYUUUKKHINOVVPRMMCJTAGG
YYYYBBBKKHINOVVPRMMCJTAGG
YYYYBBBKKHINOVVPRMMCJTAGG
YYYYSSSKKHINOVVPRMMCJTWGG
YYYYSSSKKHINOVVPRMMCJTWGG
YYYYSSSKKHINOVVPRMMCJTWGG
YYYYSSSKKHINOVVPRMMCJTWGG
YYYYSSSKKHINOVVPRMMCJTQGG
YYYYSSSKKHINOVVPREECJTQGG
Case #48:
BBBB
BBBB
BBBB
AAAA
Case #49:
HMLLFBBZZVNCSTTTIIIWOREJJ
HMLLFBBZZVNCSTTTIIIWOREJJ
HMLLFBBZZVNCSTTTIIIWOREJJ
HMLLFBBZZVNCSTTTIIIWOREJJ
HMLLFBBZZVNCSTTTIIIWOREJJ
YMLLFBBZZVNCSTTTIIIWOREJJ
YMLLFBBZZVNCSTTTIIIWOREJJ
YMLLFBBZZVNCSTTTIIIWOREJJ
YMLLFBBZZVNCSTTTIIIWORKJJ
YMLLFBBZZVNCSTTTIIIWORKXX
YMLLFBBZZVNCSTTTIIIWORKXX
YMLLFBBZZVNCSTTTIIIWORKXX
YMLLFBBZZVNCSTTTIIIWORKXX
YMLLFBBZZGNCSTTTIIIWORKXX
YMLLFBBZZGNCSTTTIIIWORKXX
YMLLFBBZZGNCSTTTIIIWORKXX
YQLLFBBZZGNCSTTTIIIWORKXX
YQLLFBBZZGNCSTTTIIIWORKXX
YQLLFBBZZGNCSTTTIIIWORKXX
YQLLFBBZZGNCSTTTIIIWORKXX
YQLLFBBZZGNCSTTTIIIWORKXX
YQLLFBBZZGNCDTTTIIIWORKXX
YQLLFBBZZGNCDTTTIIIWORKXX
YQLLFBBZZGNPDTTTIIIAORKXX
YQLLFBBZZGNPUTTTIIIAORKXX
Case #50:
LRAPKSFYNEIIIIIIIIIIIIIII
LRAPKSFYNEIIIIIIIIIIIIIII
LRAPKSFYNEIIIIIIIIIIIIIII
LRAPKSFYNEIIIIIIIIIIIIIII
LRAPKSFYNEIIIIIIIIIIIIIII
LRAPKSFYNEIIIIIIIIIIIIIII
LRAPKSFYNEIIIIIIIIIIIIIII
LRAPKSFYNEIIIIIIIIIIIIIII
LRAPKSFYNEIIIIIIIIIIIIIII
LRAPKSFYNEIIIIIIIIIIIIIII
LRAPKSFYNEIIIIIIIIIIIIIII
LRAPKSFYNEIIIIIIIIIIIIIII
LVAPKSFYNEIIIIIIIIIIIIIII
LVAPKSFYNEIIIIIIIIIIIIIII
LXAPKSFYNEIIIIIIIIIIIIIII
LXAPKSFYNEIIIIIIIIIIIIIII
LXAPKSFYNEIIIIIIIIIIIIIII
LXAPMSFYNEIIIIIIIIIIIIIII
LXAPMJFYNEIIIIIIIIIIIIIII
LXAPDZFYNEIIIIIIIIIIIIIII
LXAPDZFYNEIIIIIIIIIIIIIII
LXAPDZFYNEIIIIIIIIIIIIIII
LBAPTZFYNEIIIIIIIIIIIIIII
LUWPCZQYNEIIIIIIIIIIIIIII
GUWPOZQYNHIIIIIIIIIIIIIII
Case #51:
JGBKEDDIICFLLHHMMMMAAAAAA
Case #52:
ABCDEFGHIJKLMNOPQRSTUVWXY
ABCDEFGHIJKLMNOPQRSTUVWXY
ABCDEFGHIJKLMNOPQRSTUVWXY
ABCDEFGHIJKLMNOPQRSTUVWXY
ABCDEFGHIJKLMNOPQRSTUVWXY
ABCDEFGHIJKLMNOPQRSTUVWXY
ABCDEFGHIJKLMNOPQRSTUVWXY
ABCDEFGHIJKLMNOPQRSTUVWXY
ABCDEFGHIJKLMNOPQRSTUVWXY
ABCDEFGHIJKLMNOPQRSTUVWXY
ABCDEFGHIJKLMNOPQRSTUVWXY
ABCDEFGHIJKLMNOPQRSTUVWXY
ABCDEFGHIJKLMNOPQRSTUVWXY
ABCDEFGHIJKLMNOPQRSTUVWXY
ABCDEFGHIJKLMNOPQRSTUVWXY
ABCDEFGHIJKLMNOPQRSTUVWXY
ABCDEFGHIJKLMNOPQRSTUVWXY
ABCDEFGHIJKLMNOPQRSTUVWXY
ABCDEFGHIJKLMNOPQRSTUVWXY
ABCDEFGHIJKLMNOPQRSTUVWXY
ABCDEFGHIJKLMNOPQRSTUVWXY
ABCDEFGHIJKLMNOPQRSTUVWXY
ABCDEFGHIJKLMNOPQRSTUVWXY
ABCDEFGHIJKLMNOPQRSTUVWXY
ABCDEFGHIJKLMNOPQRSTUVWXY
Case #53:
GQOLKNNBIHWCCCCCCCCCCCCCC
GQOLKNNBIHWCCCCCCCCCCCCCC
GQOLKNNBIHWCCCCCCCCCCCCCC
GQOLKNNBIHWCCCCCCCCCCCCCC
GQOLKNNBIHWCCCCCCCCCCCCCC
GQOLKNNBIHWCCCCCCCCCCCCCC
GQOLKNNBIHWCCCCCCCCCCCCCC
GQOLKNNBIHWCCCCCCCCCCCCCC
GQOLKNNBIHWCCCCCCCCCCCCCC
GQOLKNNBIHWCCCCCCCCCCCCCC
GQOLKNNBIHWCCCCCCCCCCCCCC
GQOLKNNBIHWCCCCCCCCCCCCCC
GQOLKNNBIHWCCCCCCCCCCCCCC
GQOLKNNBIHWCCCCCCCCCCCCCC
GQOLKNNBIHWCCCCCCCCCCCCCC
GQOLKNNBIHWCCCCCCCCCCCCCC
GQOLKNNBIHWCCCCCCCCCCCCCC
GQOLKNNBIHWCCCCCCCCCCCCCC
GQOLKSSBIPFCCCCCCCCCCCCCC
GQAUKSSBIPFCCCCCCCCCCCCCC
VQXZKSSEIPFCCCCCCCCCCCCCC
VQMRKSSEIPFCCCCCCCCCCCCCC
VQYRKDDEIPFCCCCCCCCCCCCCC
VQYRJTTEIPFCCCCCCCCCCCCCC
VQYRJTTEIPFCCCCCCCCCCCCCC
Case #54:
SSIIORDBBAQUMHHJXXKTTTNNC
SSIIORDBBAQUMHHJXXKTTTNNC
SSIIORDBBAQUMHHJXXKTTTNNC
SSIIORDBBAQUMHHJXXKTTTNNG
SSIIORDBBAQUMHHJXXKTTTNNG
SSIIORDBBAQUMHHJXXKTTTNNG
SSIIORDBBAQUMHHJXXKTTTNNG
SSIIORDBBAQUMHHJXXKTTTNNG
SSIIORDBBAQUMHHJXXKTTTNNG
SSIIORDBBAQUMHHJXXKTTTNNG
SSIIORDEEAQUMHHJXXKTTTNNG
SSIIORDEEAQUMHHJXXKTTTNNG
SSIIOPDEEAQUMHHJFFKTTTNNG
SSIIOPDEEAQUMHHJFFKTTTNNG
SSIIOPDEEAQUMHHJFFKTTTNNG
SSIIOPDEEAQUMHHJFFKTTTNNG
SSIIOPDEEAQUMHHJFFKTTTNNG
SSIIOPDEEAQVMHHJFFKTTTNNG
SSIIOPDEEAQVMHHJFFKTTTNNG
SSIIOWDEEAQVMHHJFFKTTTNNG
SSIIZWDEEAQVMHHJFFKTTTNNG
SSIIZWDEEAQYMHHJFFKTTTNNG
SSIIZWDEEAQLMHHJFFKTTTNNG
SSIIZWDEEAQLMHHJFFKTTTNNG
SSIIZWDEEAQLMHHJFFKTTTNNG
Case #55:
AAAAAAAAAAAAAAAAAAAAEEBBB
AAAAAAAAAAAAAAAAAAAAEEBBB
AAAAAAAAAAAAAAAAAAAAEEBBB
AAAAAAAAAAAAAAAAAAAAEEBBB
AAAAAAAAAAAAAAAAAAAAEEBBB
AAAAAAAAAAAAAAAAAAAAEEBBB
AAAAAAAAAAAAAAAAAAAAEEBBB
AAAAAAAAAAAAAAAAAAAAEEBBB
AAAAAAAAAAAAAAAAAAAAEEBBB
AAAAAAAAAAAAAAAAAAAAEEBBB
CCCCCCCCCCCCCCCCCCCCEEBBB
CCCCCCCCCCCCCCCCCCCCEEDDD
CCCCCCCCCCCCCCCCCCCCEEDDD
CCCCCCCCCCCCCCCCCCCCEEDDD
CCCCCCCCCCCCCCCCCCCCEEDDD
CCCCCCCCCCCCCCCCCCCCEEDDD
CCCCCCCCCCCCCCCCCCCCEEDDD
CCCCCCCCCCCCCCCCCCCCEEDDD
CCCCCCCCCCCCCCCCCCCCEEDDD
CCCCCCCCCCCCCCCCCCCCEEDDD
CCCCCCCCCCCCCCCCCCCCEEDDD
CCCCCCCCCCCCCCCCCCCCEEDDD
CCCCCCCCCCCCCCCCCCCCEEDDD
CCCCCCCCCCCCCCCCCCCCEEDDD
CCCCCCCCCCCCCCCCCCCCEEDDD
Case #56:
NNNNNNNNNNNNNNNNNNNCRBZFX
NNNNNNNNNNNNNNNNNNNCRBZFX
NNNNNNNNNNNNNNNNNNNCRBZFX
NNNNNNNNNNNNNNNNNNNCRBZAX
NNNNNNNNNNNNNNNNNNNCRBZTS
NNNNNNNNNNNNNNNNNNNCRVZQS
NNNNNNNNNNNNNNNNNNNCRVZQS
NNNNNNNNNNNNNNNNNNNCRVZMO
NNNNNNNNNNNNNNNNNNNYKVEMP
NNNNNNNNNNNNNNNNNNNYKWJMP
NNNNNNNNNNNNNNNNNNNYKWJUD
NNNNNNNNNNNNNNNNNNNYKWHUL
NNNNNNNNNNNNNNNNNNNYKWHGL
NNNNNNNNNNNNNNNNNNNYKWHGL
NNNNNNNNNNNNNNNNNNNYKWHGI
NNNNNNNNNNNNNNNNNNNYKWHGI
NNNNNNNNNNNNNNNNNNNYKWHGI
NNNNNNNNNNNNNNNNNNNYKWHGI
NNNNNNNNNNNNNNNNNNNYKWHGI
NNNNNNNNNNNNNNNNNNNYKWHGI
NNNNNNNNNNNNNNNNNNNYKWHGI
NNNNNNNNNNNNNNNNNNNYKWHGI
NNNNNNNNNNNNNNNNNNNYKWHGI
NNNNNNNNNNNNNNNNNNNYKWHGI
NNNNNNNNNNNNNNNNNNNYKWHGI
Case #57:
AAA
AAA
AAA
AAA
AAA
Case #58:
ABCDEFGHIJKLMNOPQRSTUVWXY
ABCDEFGHIJKLMNOPQRSTUVWXY
ABCDEFGHIJKLMNOPQRSTUVWXY
ABCDEFGHIJKLMNOPQRSTUVWXY
ABCDEFGHIJKLMNOPQRSTUVWXY
ABCDEFGHIJKLMNOPQRSTUVWXY
ABCDEFGHIJKLMNOPQRSTUVWXY
ABCDEFGHIJKLMNOPQRSTUVWXY
ABCDEFGHIJKLMNOPQRSTUVWXY
ABCDEFGHIJKLMNOPQRSTUVWXY
ABCDEFGHIJKLMNOPQRSTUVWXY
ABCDEFGHIJKLMNOPQRSTUVWXY
ABCDEFGHIJKLMNOPQRSTUVWXY
ABCDEFGHIJKLMNOPQRSTUVWXY
ABCDEFGHIJKLMNOPQRSTUVWXY
ABCDEFGHIJKLMNOPQRSTUVWXY
ABCDEFGHIJKLMNOPQRSTUVWXY
ABCDEFGHIJKLMNOPQRSTUVWXY
ABCDEFGHIJKLMNOPQRSTUVWXY
ABCDEFGHIJKLMNOPQRSTUVWXY
ABCDEFGHIJKLMNOPQRSTUVWXY
ABCDEFGHIJKLMNOPQRSTUVWXY
ABCDEFGHIJKLMNOPQRSTUVWXY
ABCDEFGHIJKLMNOPQRSTUVWXY
ABCDEFGHIJKLMNOPQRSTUVWXY
Case #59:
WWKKQEEDDJHMUXXXRRLYPTZVV
WWKKQEEDDJHMUXXXRRLYPTZVV
WWKKQEEDDJHMUXXXRRLYPTZVV
WWKKQEEDDJHMUXXXRRLYPTZVV
WWKKQEEDDJHMUXXXRRLYPTZVV
WWKKQEEDDJHMUXXXRRLYPTZVV
WWKKQEEDDJHMUXXXRRLYPTZVV
WWKKQEEDDJHMUXXXRRLYPTZVV
WWKKQEEDDJHMUXXXRRLYPTZVV
WWKKQEEDDJHMUXXXRRLYPTZVV
NNKKQEEDDJHMUXXXRRLYPTZVV
NNKKQEEDDJHMUXXXRRLYPTZVV
NNKKQEEDDJHMUXXXRRLYPTZVV
NNKKQEEDDJHMUXXXRRLYPTZVV
NNKKQEEDDJHMUXXXRRLYPTZVV
NNKKQEEDDJOMUXXXRRLYPTZVV
NNKKQEEDDJOMUXXXRRLYPTZVV
NNKKQEEDDJOMUXXXRRLYPTFVV
NNKKQEEDDJOMAXXXRRLYPTFVV
NNKKQEEDDJOMAXXXRRLYPTFVV
NNKKQEEDDJOMAXXXRRLYPTFVV
NNKKQEEDDJOMBXXXRRSYPTFVV
NNKKQEEDDJIMBXXXRRSYPTFVV
NNKKQEEDDJGMBXXXCCSYPTFVV
NNKKQEEDDJGMBXXXCCSYPTFVV
Case #60:
AAAAAAAAAAAACDEEEEEEEEEEE
AAAAAAAAAAAACDEEEEEEEEEEE
AAAAAAAAAAAACDEEEEEEEEEEE
AAAAAAAAAAAACDEEEEEEEEEEE
AAAAAAAAAAAACDEEEEEEEEEEE
AAAAAAAAAAAACDEEEEEEEEEEE
AAAAAAAAAAAACDEEEEEEEEEEE
AAAAAAAAAAAACDEEEEEEEEEEE
AAAAAAAAAAAACDEEEEEEEEEEE
AAAAAAAAAAAACDEEEEEEEEEEE
AAAAAAAAAAAACDEEEEEEEEEEE
BBBBBBBBBBBBCDEEEEEEEEEEE
BBBBBBBBBBBBCDEEEEEEEEEEE
BBBBBBBBBBBBCDEEEEEEEEEEE
BBBBBBBBBBBBCDEEEEEEEEEEE
BBBBBBBBBBBBCDEEEEEEEEEEE
BBBBBBBBBBBBCDEEEEEEEEEEE
BBBBBBBBBBBBCDEEEEEEEEEEE
BBBBBBBBBBBBCDEEEEEEEEEEE
BBBBBBBBBBBBCDEEEEEEEEEEE
BBBBBBBBBBBBCDEEEEEEEEEEE
BBBBBBBBBBBBCDEEEEEEEEEEE
BBBBBBBBBBBBCDEEEEEEEEEEE
BBBBBBBBBBBBCDEEEEEEEEEEE
BBBBBBBBBBBBCDEEEEEEEEEEE
Case #61:
BBAA
BBAA
BBAA
Case #62:
SSSSSSSSSLJUGBOKWMVEEEEEE
SSSSSSSSSLJUGBOKWMVEEEEEE
SSSSSSSSSLJUGBOKWMVEEEEEE
SSSSSSSSSLJUGBOKWMVEEEEEE
SSSSSSSSSLJUGBOKWMVEEEEEE
SSSSSSSSSLJUGBOKWMVEEEEEE
SSSSSSSSSLJUGBOKWMVEEEEEE
SSSSSSSSSLJUGBOKWMVEEEEEE
SSSSSSSSSLJUGBOKWMVEEEEEE
SSSSSSSSSLJUGBOKWMVEEEEEE
SSSSSSSSSLJUGBOKWMVEEEEEE
SSSSSSSSSLJUGBOKWMVEEEEEE
SSSSSSSSSLJUGBOKWMVEEEEEE
SSSSSSSSSLJUGBFKWMVEEEEEE
SSSSSSSSSLJUYBFKWXVEEEEEE
SSSSSSSSSLPUYBFKWXVEEEEEE
QQQQQQQQQLPUHBFKWXVEEEEEE
QQQQQQQQQLPZHBFKWCDEEEEEE
QQQQQQQQQLPZABFKWCDEEEEEE
QQQQQQQQQLPNABFKTRDEEEEEE
QQQQQQQQQLPNABFKTRDEEEEEE
QQQQQQQQQLPNAIFKTRDEEEEEE
QQQQQQQQQLPNAIFKTRDEEEEEE
QQQQQQQQQLPNAIFKTRDEEEEEE
QQQQQQQQQLPNAIFKTRDEEEEEE
Case #63:
SSHHPPPZZZTBJQQNDDDOKUEMM
SSHHPPPZZZTBJQQNDDDOKUEMM
SSHHPPPZZZTBJQQNDDDOKUEMM
SSHHPPPZZZTBJQQNDDDOKUEMM
SSHHPPPZZZTBJQQNDDDOKUEMM
SSHHPPPZZZTBJQQNDDDOKUEMM
SSHHPPPZZZTBJQQNDDDOKUEMM
SSHHPPPZZZTBJQQNDDDOKUEMM
SSHHPPPZZZTBJQQNDDDOKUEMM
SSHHPPPZZZTBJQQNDDDOGUEMM
SSHHPPPRRRTBJQQNDDDOGUEMM
SSHHPPPRRRTBJQQNDDDOGUEMM
SSHHPPPRRRTBJQQNDDDOXUEMM
SSHHPPPRRRTBJQQNDDDOXUEMM
SSHHPPPRRRCBJQQNDDDOVUEMM
SSHHPPPRRRCBJQQNDDDOVUEMM
SSIIPPPRRRCBJQQNDDDOVUEMM
SSIIPPPRRRCBJQQNDDDOVUEMM
SSIIPPPRRRCAJQQNDDDOVUEMM
SSIIYYYRRRCAJQQNDDDOVUEMM
SSIIYYYRRRCAJQQNDDDOVUEMM
SSIIYYYRRRCAJQQLDDDOVUEMM
FFIIYYYRRRCAJQQLDDDOVUEMM
FFIIYYYRRRCAJQQLDDDOVUEMM
FFIIYYYRRRCAWQQLDDDOVUEMM
Case #64:
ZKKKNNNLLLTEEUPPCHHIISAXB
ZKKKNNNLLLTEEUPPCHHIISAXB
ZKKKNNNLLLTEEUPPCHHIISAXB
ZKKKNNNLLLTEEUPPCHHIISAXB
ZKKKNNNLLLTEEUPPCHHIISAXB
ZKKKNNNLLLTEEUPPCHHIISAXB
ZMMMNNNLLLTEEUPPCHHIISAXB
ZMMMNNNLLLTEEUPPCHHIISAXB
ZMMMNNNLLLTEEUPPCHHIISDXB
ZMMMNNNLLLTEEUPPCHHVVSDXB
WMMMNNNLLLTEEUPPCFFVVSDXB
WMMMNNNLLLTEEUPPCFFVVSDXB
WMMMNNNLLLTEEUPPCFFVVSDXB
YMMMNNNLLLTEEUPPCFFVVSDXB
YGGGNNNLLLTEEUPPCFFQQSDXB
YGGGNNNLLLTEEUPPCFFQQSDXB
YGGGNNNLLLTEEUPPCFFQQSDXB
YGGGNNNLLLTEEUPPCFFQQSDXB
YGGGNNNLLLTEEUPPCFFQQSDXB
YGGGNNNLLLOEEUPPCFFQQSDXB
YGGGNNNLLLOEEUPPCFFQQSDXB
YGGGNNNLLLOEEUPPCFFQQSDXB
YGGGNNNLLLOEEUPPCFFQQSDXB
YGGGNNNLLLOEEUPPCFFQQSDXR
YGGGNNNLLLOEEUPPCJJQQSDXR
Case #65:
AAAAAAAAAAAAAAAAAAAAAAAAA
BBBBBBBBBBBBBBBBBBBBBBBBB
CCCCCCCCCCCCCCCCCCCCCCCCC
DDDDDDDDDDDDDDDDDDDDDDDDD
EEEEEEEEEEEEEEEEEEEEEEEEE
FFFFFFFFFFFFFFFFFFFFFFFFF
GGGGGGGGGGGGGGGGGGGGGGGGG
HHHHHHHHHHHHHHHHHHHHHHHHH
IIIIIIIIIIIIIIIIIIIIIIIII
JJJJJJJJJJJJJJJJJJJJJJJJJ
KKKKKKKKKKKKKKKKKKKKKKKKK
LLLLLLLLLLLLLLLLLLLLLLLLL
MMMMMMMMMMMMMMMMMMMMMMMMM
NNNNNNNNNNNNNNNNNNNNNNNNN
OOOOOOOOOOOOOOOOOOOOOOOOO
PPPPPPPPPPPPPPPPPPPPPPPPP
QQQQQQQQQQQQQQQQQQQQQQQQQ
RRRRRRRRRRRRRRRRRRRRRRRRR
SSSSSSSSSSSSSSSSSSSSSSSSS
TTTTTTTTTTTTTTTTTTTTTTTTT
UUUUUUUUUUUUUUUUUUUUUUUUU
VVVVVVVVVVVVVVVVVVVVVVVVV
WWWWWWWWWWWWWWWWWWWWWWWWW
XXXXXXXXXXXXXXXXXXXXXXXXX
YYYYYYYYYYYYYYYYYYYYYYYYY
Case #66:
MMMMMMMMMMMMMMAAVFFEBSLTN
MMMMMMMMMMMMMMQQVFFEBSKTN
MMMMMMMMMMMMMMQQVFFEBSKTN
MMMMMMMMMMMMMMQQVFFEBZKTN
MMMMMMMMMMMMMMQQIFFEBZKTN
MMMMMMMMMMMMMMQQHFFEBZKTN
MMMMMMMMMMMMMMQQHFFEYZKTO
MMMMMMMMMMMMMMQQHFFEYZKTJ
MMMMMMMMMMMMMMQQHFFXYDKTJ
MMMMMMMMMMMMMMQQHFFXYDUTJ
MMMMMMMMMMMMMMQQHFFXYDPTJ
MMMMMMMMMMMMMMQQHFFXYDPTJ
MMMMMMMMMMMMMMQQHFFXYRPWJ
MMMMMMMMMMMMMMQQHFFXYRGCJ
MMMMMMMMMMMMMMQQHFFXYRGCJ
MMMMMMMMMMMMMMQQHFFXYRGCJ
MMMMMMMMMMMMMMQQHFFXYRGCJ
MMMMMMMMMMMMMMQQHFFXYRGCJ
MMMMMMMMMMMMMMQQHFFXYRGCJ
MMMMMMMMMMMMMMQQHFFXYRGCJ
MMMMMMMMMMMMMMQQHFFXYRGCJ
MMMMMMMMMMMMMMQQHFFXYRGCJ
MMMMMMMMMMMMMMQQHFFXYRGCJ
MMMMMMMMMMMMMMQQHFFXYRGCJ
MMMMMMMMMMMMMMQQHFFXYRGCJ
Case #67:
ABCDEFGHIJKLMNOPQRSTUVWXY
ABCDEFGHIJKLMNOPQRSTUVWXY
ABCDEFGHIJKLMNOPQRSTUVWXY
ABCDEFGHIJKLMNOPQRSTUVWXY
ABCDEFGHIJKLMNOPQRSTUVWXY
ABCDEFGHIJKLMNOPQRSTUVWXY
ABCDEFGHIJKLMNOPQRSTUVWXY
ABCDEFGHIJKLMNOPQRSTUVWXY
ABCDEFGHIJKLMNOPQRSTUVWXY
ABCDEFGHIJKLMNOPQRSTUVWXY
ABCDEFGHIJKLMNOPQRSTUVWXY
ABCDEFGHIJKLMNOPQRSTUVWXY
ABCDEFGHIJKLMNOPQRSTUVWXY
ABCDEFGHIJKLMNOPQRSTUVWXY
ABCDEFGHIJKLMNOPQRSTUVWXY
ABCDEFGHIJKLMNOPQRSTUVWXY
ABCDEFGHIJKLMNOPQRSTUVWXY
ABCDEFGHIJKLMNOPQRSTUVWXY
ABCDEFGHIJKLMNOPQRSTUVWXY
ABCDEFGHIJKLMNOPQRSTUVWXY
ABCDEFGHIJKLMNOPQRSTUVWXY
ABCDEFGHIJKLMNOPQRSTUVWXY
ABCDEFGHIJKLMNOPQRSTUVWXY
ABCDEFGHIJKLMNOPQRSTUVWXY
ABCDEFGHIJKLMNOPQRSTUVWXY
Case #68:
BBBBBBWSVEICHRYYYYYYYYYYY
BBBBBBWSVEICHRYYYYYYYYYYY
BBBBBBWSVEICHRYYYYYYYYYYY
BBBBBBWSVEICHRYYYYYYYYYYY
BBBBBBWSVEICHRYYYYYYYYYYY
BBBBBBWSVEICHRYYYYYYYYYYY
BBBBBBWSVEICHRYYYYYYYYYYY
BBBBBBWSVEICHRYYYYYYYYYYY
BBBBBBWSVEICHRYYYYYYYYYYY
BBBBBBWSVEICHRYYYYYYYYYYY
BBBBBBWSVEICHRYYYYYYYYYYY
BBBBBBWSVEICHRYYYYYYYYYYY
BBBBBBWSVEICHRYYYYYYYYYYY
BBBBBBWSVEICHRYYYYYYYYYYY
BBBBBBWSVEICHRYYYYYYYYYYY
BBBBBBWSVEICHRYYYYYYYYYYY
BBBBBBWSVEICHRYYYYYYYYYYY
BBBBBBWSVEICHRYYYYYYYYYYY
BBBBBBWSMXICHRYYYYYYYYYYY
BBBBBBWSMXICKRYYYYYYYYYYY
NNNNNNQZFXICKRYYYYYYYYYYY
UUUUUUQJGLACKRYYYYYYYYYYY
UUUUUUQOGLACPRYYYYYYYYYYY
UUUUUUQOGLDCPRYYYYYYYYYYY
UUUUUUQOGTDCPRYYYYYYYYYYY
Case #69:
IIIIIIIHOFRDDTYYCCNPBLQUS
IIIIIIIHOFRDDTYYCCNPBLQUS
IIIIIIIHOFRDDTYYCCNPBLQUS
IIIIIIIHOFRDDTYYCCNPBLQUS
IIIIIIIHOFRDDTYYCCNPBLQUS
IIIIIIIHOFRDDTYYCCNPBLQUS
IIIIIIIHOFRGGTYYCCNPBLQUS
IIIIIIIHOFRGGTYYCCNPBLQUS
IIIIIIIHOFRGGTYYCCNPBLQUS
IIIIIIIHOFRGGTYYCCNPBJQUS
IIIIIIIHOFRGGTYYCCNPBJQUS
IIIIIIIHOFRGGTYYCCNPBJQUS
WWWWWWWHOFEGGTYYCCNPBJQUS
WWWWWWWHOFEGGTYYCCNPBJQUS
WWWWWWWHOFEGGTYYCCNPBJQUS
WWWWWWWHOFEGGTYYCCNPBJQUS
WWWWWWWHOFEGGTYYCCNPBJQVS
WWWWWWWHOFEGGTYYCCNPBJQVS
WWWWWWWHOFEGGTYYCCNPBJQVS
WWWWWWWHOFEGGTYYCCNPBJQVS
WWWWWWWHOKEGGTYYCCNPBJXVS
WWWWWWWHOKEGGTYYCCNPBJZVS
WWWWWWWHOKEGGTYYCCNPBJZVS
WWWWWWWHOKEGGTYYCCNPBJZMS
WWWWWWWHOKEGGTYYCCNPBJAMS
Case #70:
ABCDEFGHIJKLMNOPQRSTUVWXY
ABCDEFGHIJKLMNOPQRSTUVWXY
ABCDEFGHIJKLMNOPQRSTUVWXY
ABCDEFGHIJKLMNOPQRSTUVWXY
ABCDEFGHIJKLMNOPQRSTUVWXY
ABCDEFGHIJKLMNOPQRSTUVWXY
ABCDEFGHIJKLMNOPQRSTUVWXY
ABCDEFGHIJKLMNOPQRSTUVWXY
ABCDEFGHIJKLMNOPQRSTUVWXY
ABCDEFGHIJKLMNOPQRSTUVWXY
ABCDEFGHIJKLMNOPQRSTUVWXY
ABCDEFGHIJKLMNOPQRSTUVWXY
ABCDEFGHIJKLMNOPQRSTUVWXY
ABCDEFGHIJKLMNOPQRSTUVWXY
ABCDEFGHIJKLMNOPQRSTUVWXY
ABCDEFGHIJKLMNOPQRSTUVWXY
ABCDEFGHIJKLMNOPQRSTUVWXY
ABCDEFGHIJKLMNOPQRSTUVWXY
ABCDEFGHIJKLMNOPQRSTUVWXY
ABCDEFGHIJKLMNOPQRSTUVWXY
ABCDEFGHIJKLMNOPQRSTUVWXY
ABCDEFGHIJKLMNOPQRSTUVWXY
ABCDEFGHIJKLMNOPQRSTUVWXY
ABCDEFGHIJKLMNOPQRSTUVWXY
ABCDEFGHIJKLMNOPQRSTUVWXY
Case #71:
AAAAAAAAAAAAAAAAAAAAAAAAA
BBBBBBBBBBBBBBBBBBBBBBBBB
CCCCCCCCCCCCCCCCCCCCCCCCC
DDDDDDDDDDDDDDDDDDDDDDDDD
EEEEEEEEEEEEEEEEEEEEEEEEE
FFFFFFFFFFFFFFFFFFFFFFFFF
GGGGGGGGGGGGGGGGGGGGGGGGG
HHHHHHHHHHHHHHHHHHHHHHHHH
IIIIIIIIIIIIIIIIIIIIIIIII
JJJJJJJJJJJJJJJJJJJJJJJJJ
KKKKKKKKKKKKKKKKKKKKKKKKK
LLLLLLLLLLLLLLLLLLLLLLLLL
MMMMMMMMMMMMMMMMMMMMMMMMM
NNNNNNNNNNNNNNNNNNNNNNNNN
OOOOOOOOOOOOOOOOOOOOOOOOO
PPPPPPPPPPPPPPPPPPPPPPPPP
QQQQQQQQQQQQQQQQQQQQQQQQQ
RRRRRRRRRRRRRRRRRRRRRRRRR
SSSSSSSSSSSSSSSSSSSSSSSSS
TTTTTTTTTTTTTTTTTTTTTTTTT
UUUUUUUUUUUUUUUUUUUUUUUUU
VVVVVVVVVVVVVVVVVVVVVVVVV
WWWWWWWWWWWWWWWWWWWWWWWWW
XXXXXXXXXXXXXXXXXXXXXXXXX
YYYYYYYYYYYYYYYYYYYYYYYYY
Case #72:
EGYCQWWJJJIIHPPPBBBMMUXTN
EGYCQWWJJJIIHPPPBBBMMUXTN
EGYCQWWJJJIIHPPPBBBMMUXTN
EGYCQWWJJJIIHPPPBBBMMUXTN
EGYCQWWJJJIIHPPPBBBMMUXTN
EGYCQWWJJJIIHPPPBBBMMUXTN
EGYCQWWJJJIIHPPPBBBMMUXTN
EGYCQWWJJJIIHPPPBBBMMUXTN
EGYCQWWJJJIIHPPPBBBMMUXTN
EGYCQWWJJJIIHPPPBBBMMULTN
EGYCQWWJJJIIHPPPBBBMMULTN
EGYCQWWJJJIIHPPPBBBMMUKTN
EGYCQWWJJJIIHPPPBBBMMUKTN
EGYCQWWJJJIIHPPPBBBMMUKTN
EGYCQWWJJJIIHPPPBBBMMUKTN
EGYCQWWJJJIIHPPPBBBMMUKTN
EAYCQWWJJJIIHPPPBBBMMUKTN
EAYCQWWJJJIIHPPPBBBMMUKTN
EAYCQWWRRRIIHPPPBBBMMUKTN
EAYCQWWRRRIIHPPPBBBMMUKTN
EAYCQWWRRRIIHPPPBBBMMUKTN
EAYCQWWDDDIIHPPPBBBMMUKTN
EAYCQWWDDDIIHPPPBBBOOUKVN
EAYCQWWDDDIIHPPPBBBOOUKSN
EAYCQWWZZZFFHPPPBBBOOUKSN
Case #73:
AAA
AAA
AAA
AAA
Case #74:
A
A
Case #75:
A
B
Case #76:
GDA
CDE
BDF
Case #77:
F
F
D
D
D
M
M
H
C
G
E
E
B
B
B
B
K
I
I
A
A
J
J
L
L
Case #78:
AAACDEEEEEEEEEEEEEEEEEEEE
AAACDEEEEEEEEEEEEEEEEEEEE
AAACDEEEEEEEEEEEEEEEEEEEE
AAACDEEEEEEEEEEEEEEEEEEEE
AAACDEEEEEEEEEEEEEEEEEEEE
AAACDEEEEEEEEEEEEEEEEEEEE
AAACDEEEEEEEEEEEEEEEEEEEE
AAACDEEEEEEEEEEEEEEEEEEEE
AAACDEEEEEEEEEEEEEEEEEEEE
AAACDEEEEEEEEEEEEEEEEEEEE
AAACDEEEEEEEEEEEEEEEEEEEE
AAACDEEEEEEEEEEEEEEEEEEEE
AAACDEEEEEEEEEEEEEEEEEEEE
AAACDEEEEEEEEEEEEEEEEEEEE
AAACDEEEEEEEEEEEEEEEEEEEE
AAACDEEEEEEEEEEEEEEEEEEEE
AAACDEEEEEEEEEEEEEEEEEEEE
AAACDEEEEEEEEEEEEEEEEEEEE
AAACDEEEEEEEEEEEEEEEEEEEE
AAACDEEEEEEEEEEEEEEEEEEEE
AAACDEEEEEEEEEEEEEEEEEEEE
AAACDEEEEEEEEEEEEEEEEEEEE
AAACDEEEEEEEEEEEEEEEEEEEE
BBBCDEEEEEEEEEEEEEEEEEEEE
BBBCDEEEEEEEEEEEEEEEEEEEE
Case #79:
ABCDEFGHIJKLMNOPQRSTUVWXY
ABCDEFGHIJKLMNOPQRSTUVWXY
ABCDEFGHIJKLMNOPQRSTUVWXY
ABCDEFGHIJKLMNOPQRSTUVWXY
ABCDEFGHIJKLMNOPQRSTUVWXY
ABCDEFGHIJKLMNOPQRSTUVWXY
ABCDEFGHIJKLMNOPQRSTUVWXY
ABCDEFGHIJKLMNOPQRSTUVWXY
ABCDEFGHIJKLMNOPQRSTUVWXY
ABCDEFGHIJKLMNOPQRSTUVWXY
ABCDEFGHIJKLMNOPQRSTUVWXY
ABCDEFGHIJKLMNOPQRSTUVWXY
ABCDEFGHIJKLMNOPQRSTUVWXY
ABCDEFGHIJKLMNOPQRSTUVWXY
ABCDEFGHIJKLMNOPQRSTUVWXY
ABCDEFGHIJKLMNOPQRSTUVWXY
ABCDEFGHIJKLMNOPQRSTUVWXY
ABCDEFGHIJKLMNOPQRSTUVWXY
ABCDEFGHIJKLMNOPQRSTUVWXY
ABCDEFGHIJKLMNOPQRSTUVWXY
ABCDEFGHIJKLMNOPQRSTUVWXY
ABCDEFGHIJKLMNOPQRSTUVWXY
ABCDEFGHIJKLMNOPQRSTUVWXY
ABCDEFGHIJKLMNOPQRSTUVWXY
ABCDEFGHIJKLMNOPQRSTUVWXY
Case #80:
AAAAAAAAAAAAAAAAAAAAAAAAA
BBBBBBBBBBBBBBBBBBBBBBBBB
CCCCCCCCCCCCCCCCCCCCCCCCC
DDDDDDDDDDDDDDDDDDDDDDDDD
EEEEEEEEEEEEEEEEEEEEEEEEE
FFFFFFFFFFFFFFFFFFFFFFFFF
GGGGGGGGGGGGGGGGGGGGGGGGG
HHHHHHHHHHHHHHHHHHHHHHHHH
IIIIIIIIIIIIIIIIIIIIIIIII
JJJJJJJJJJJJJJJJJJJJJJJJJ
KKKKKKKKKKKKKKKKKKKKKKKKK
LLLLLLLLLLLLLLLLLLLLLLLLL
MMMMMMMMMMMMMMMMMMMMMMMMM
NNNNNNNNNNNNNNNNNNNNNNNNN
OOOOOOOOOOOOOOOOOOOOOOOOO
PPPPPPPPPPPPPPPPPPPPPPPPP
QQQQQQQQQQQQQQQQQQQQQQQQQ
RRRRRRRRRRRRRRRRRRRRRRRRR
SSSSSSSSSSSSSSSSSSSSSSSSS
TTTTTTTTTTTTTTTTTTTTTTTTT
UUUUUUUUUUUUUUUUUUUUUUUUU
VVVVVVVVVVVVVVVVVVVVVVVVV
WWWWWWWWWWWWWWWWWWWWWWWWW
XXXXXXXXXXXXXXXXXXXXXXXXX
YYYYYYYYYYYYYYYYYYYYYYYYY
Case #81:
AAAAAAAAACDEEFFFJJJGGGGGG
AAAAAAAAACDEEFFFJJJGGGGGG
AAAAAAAAACDEEFFFJJJGGGGGG
AAAAAAAAACDEEFFFJJJGGGGGG
AAAAAAAAACDEEFFFJJJGGGGGG
AAAAAAAAACDEEFFFJJJGGGGGG
AAAAAAAAACDEEFFFJJJGGGGGG
AAAAAAAAACDEEFFFJJJGGGGGG
BBBBBBBBBCDEEFFFJJJGGGGGG
BBBBBBBBBCDEEFFFJJJGGGGGG
BBBBBBBBBCDEEFFFJJJGGGGGG
BBBBBBBBBCDEEFFFJJJGGGGGG
BBBBBBBBBCDEEFFFJJJGGGGGG
BBBBBBBBBCDEEFFFJJJGGGGGG
BBBBBBBBBCDEEHHHJJJGGGGGG
BBBBBBBBBCDEEHHHJJJIIIIII
BBBBBBBBBCDEEHHHJJJIIIIII
BBBBBBBBBCDEEHHHJJJIIIIII
BBBBBBBBBCDEEHHHJJJIIIIII
BBBBBBBBBCDEEHHHJJJIIIIII
BBBBBBBBBCDEEHHHJJJIIIIII
BBBBBBBBBCDEEHHHJJJIIIIII
BBBBBBBBBCDEEHHHJJJIIIIII
BBBBBBBBBCDEEHHHJJJIIIIII
BBBBBBBBBCDEEHHHJJJIIIIII
Case #82:
QPKZYYEWWWHHHVGGCCDOORMFI
QPKZYYEWWWHHHVGGCCDOORMFI
QPKZYYEWWWHHHVGGCCDOORMFI
QPKZYYEWWWHHHVGGCCDOORMFI
QPKZYYEWWWHHHVGGCCDOORMFI
QPKZYYEWWWHHHVGGCCDOORMFI
QPKZYYEWWWHHHVGGCCDOORMFI
QPKZYYEWWWHHHVGGCCDOORMFI
QPKZYYTWWWHHHVGGCCDOORMFI
QPKZYYTWWWHHHVGGCCDOORMFI
QPKZYYTWWWHHHVGGCCDOORMFI
QPKZYYTWWWHHHVGGCCDOORMFI
QPKZYYTWWWHHHVGGCCDOORMFI
QPKZYYTWWWHHHVGGCCDOORMFI
QPKZYYTWWWHHHVGGCCDOORMFI
QPKZYYTWWWHHHVGGCCDOORMFI
QPKZYYTWWWHHHVGGCCDOORMFI
QPKZYYTWWWHHHSGGCCDOORMFI
QPKZYYTWWWHHHSGGCCDOORMAI
QPKZYYTWWWUUUSGGCCDOORMAI
QJKZYYTWWWUUUSGGNNDOORMAX
QJKZYYTBBBUUUSGGNNDOORMAX
QJKZYYTBBBUUUSGGNNDOORMAX
QJLZYYTBBBUUUSGGNNDOORMAX
QJLZYYTBBBUUUSGGNNDOORMAX
Case #83:
AAAAAACDEEEEEFFFJJJGGGGGG
AAAAAACDEEEEEFFFJJJGGGGGG
AAAAAACDEEEEEFFFJJJGGGGGG
AAAAAACDEEEEEFFFJJJGGGGGG
AAAAAACDEEEEEFFFJJJGGGGGG
AAAAAACDEEEEEFFFJJJGGGGGG
AAAAAACDEEEEEFFFJJJGGGGGG
AAAAAACDEEEEEFFFJJJGGGGGG
AAAAAACDEEEEEFFFJJJGGGGGG
AAAAAACDEEEEEFFFJJJGGGGGG
AAAAAACDEEEEEFFFJJJGGGGGG
BBBBBBCDEEEEEFFFJJJGGGGGG
BBBBBBCDEEEEEFFFJJJGGGGGG
BBBBBBCDEEEEEFFFJJJGGGGGG
BBBBBBCDEEEEEFFFJJJGGGGGG
BBBBBBCDEEEEEFFFJJJGGGGGG
BBBBBBCDEEEEEFFFJJJGGGGGG
BBBBBBCDEEEEEFFFJJJGGGGGG
BBBBBBCDEEEEEFFFJJJGGGGGG
BBBBBBCDEEEEEFFFJJJGGGGGG
BBBBBBCDEEEEEHHHJJJGGGGGG
BBBBBBCDEEEEEHHHJJJIIIIII
BBBBBBCDEEEEEHHHJJJIIIIII
BBBBBBCDEEEEEHHHJJJIIIIII
BBBBBBCDEEEEEHHHJJJIIIIII
Case #84:
AAAEEEEBBBBBBFFFFFFFFHIJJ
AAAEEEEBBBBBBFFFFFFFFHIJJ
AAAEEEEBBBBBBFFFFFFFFHIJJ
AAAEEEEBBBBBBFFFFFFFFHIJJ
AAAEEEEBBBBBBFFFFFFFFHIJJ
CCCEEEEBBBBBBFFFFFFFFHIJJ
CCCEEEEDDDDDDFFFFFFFFHIJJ
CCCEEEEDDDDDDFFFFFFFFHIJJ
CCCEEEEDDDDDDFFFFFFFFHIJJ
CCCEEEEDDDDDDFFFFFFFFHIJJ
CCCEEEEDDDDDDFFFFFFFFHIJJ
CCCEEEEDDDDDDFFFFFFFFHIJJ
CCCEEEEDDDDDDFFFFFFFFHIJJ
CCCEEEEDDDDDDFFFFFFFFHIJJ
CCCEEEEDDDDDDFFFFFFFFHIJJ
CCCEEEEDDDDDDFFFFFFFFHIJJ
CCCEEEEDDDDDDFFFFFFFFHIJJ
CCCEEEEDDDDDDFFFFFFFFHIJJ
CCCEEEEDDDDDDFFFFFFFFHIJJ
CCCEEEEDDDDDDGGGGGGGGHIJJ
CCCEEEEDDDDDDGGGGGGGGHIJJ
CCCEEEEDDDDDDGGGGGGGGHIJJ
CCCEEEEDDDDDDGGGGGGGGHIJJ
CCCEEEEDDDDDDGGGGGGGGHIJJ
CCCEEEEDDDDDDGGGGGGGGHIJJ
Case #85:
AAAAAAACDEEEEEEEEEEEEEEEE
AAAAAAACDEEEEEEEEEEEEEEEE
AAAAAAACDEEEEEEEEEEEEEEEE
AAAAAAACDEEEEEEEEEEEEEEEE
AAAAAAACDEEEEEEEEEEEEEEEE
AAAAAAACDEEEEEEEEEEEEEEEE
AAAAAAACDEEEEEEEEEEEEEEEE
AAAAAAACDEEEEEEEEEEEEEEEE
AAAAAAACDEEEEEEEEEEEEEEEE
AAAAAAACDEEEEEEEEEEEEEEEE
AAAAAAACDEEEEEEEEEEEEEEEE
AAAAAAACDEEEEEEEEEEEEEEEE
AAAAAAACDEEEEEEEEEEEEEEEE
AAAAAAACDEEEEEEEEEEEEEEEE
AAAAAAACDEEEEEEEEEEEEEEEE
AAAAAAACDEEEEEEEEEEEEEEEE
BBBBBBBCDEEEEEEEEEEEEEEEE
BBBBBBBCDEEEEEEEEEEEEEEEE
BBBBBBBCDEEEEEEEEEEEEEEEE
BBBBBBBCDEEEEEEEEEEEEEEEE
BBBBBBBCDEEEEEEEEEEEEEEEE
BBBBBBBCDEEEEEEEEEEEEEEEE
BBBBBBBCDEEEEEEEEEEEEEEEE
BBBBBBBCDEEEEEEEEEEEEEEEE
BBBBBBBCDEEEEEEEEEEEEEEEE
Case #86:
ABCDEFGHIJKLMNOPQRSTUVWXY
ABCDEFGHIJKLMNOPQRSTUVWXY
ABCDEFGHIJKLMNOPQRSTUVWXY
ABCDEFGHIJKLMNOPQRSTUVWXY
ABCDEFGHIJKLMNOPQRSTUVWXY
ABCDEFGHIJKLMNOPQRSTUVWXY
ABCDEFGHIJKLMNOPQRSTUVWXY
ABCDEFGHIJKLMNOPQRSTUVWXY
ABCDEFGHIJKLMNOPQRSTUVWXY
ABCDEFGHIJKLMNOPQRSTUVWXY
ABCDEFGHIJKLMNOPQRSTUVWXY
ABCDEFGHIJKLMNOPQRSTUVWXY
ABCDEFGHIJKLMNOPQRSTUVWXY
ABCDEFGHIJKLMNOPQRSTUVWXY
ABCDEFGHIJKLMNOPQRSTUVWXY
ABCDEFGHIJKLMNOPQRSTUVWXY
ABCDEFGHIJKLMNOPQRSTUVWXY
ABCDEFGHIJKLMNOPQRSTUVWXY
ABCDEFGHIJKLMNOPQRSTUVWXY
ABCDEFGHIJKLMNOPQRSTUVWXY
ABCDEFGHIJKLMNOPQRSTUVWXY
ABCDEFGHIJKLMNOPQRSTUVWXY
ABCDEFGHIJKLMNOPQRSTUVWXY
ABCDEFGHIJKLMNOPQRSTUVWXY
ABCDEFGHIJKLMNOPQRSTUVWXY
Case #87:
BC
DA
Case #88:
AA
Case #89:
IIPPYWBZGOFFTJJREEEEEEEEE
IIPPYWBZGOFFTJJREEEEEEEEE
IIPPYWBZGOFFTJJREEEEEEEEE
IIPPYWBZGOFFTJJREEEEEEEEE
IIPPYWBZGOFFTJJREEEEEEEEE
IIPPYWBZGOFFTJJREEEEEEEEE
IIPPYWBZGOFFTJJREEEEEEEEE
IIPPYWBZGOFFTJJREEEEEEEEE
IIPPYWBZGOFFTJJREEEEEEEEE
IIPPYWBZGOFFTJJREEEEEEEEE
IIPPYWBZGOFFTJJREEEEEEEEE
IIPPYWBZGOFFTJJREEEEEEEEE
IIPPYWBZGOFFTJJREEEEEEEEE
IIPPYWBZGOFFTJJREEEEEEEEE
IIPPYWBZGOFFTJJREEEEEEEEE
IIPPYWBZGOFFTJJREEEEEEEEE
IIPPYWBZGOFFTJJREEEEEEEEE
IIPPYWBZGOFFCJJREEEEEEEEE
IIPPYWBZGOFFUJJREEEEEEEEE
IIPPYWBKGOHHUJJREEEEEEEEE
IIPPYWBKGOAAUJJREEEEEEEEE
IIPPYWBKGOAAUJJREEEEEEEEE
IIPPYSBVGOAAUJJREEEEEEEEE
IIPPYLBVMQAAUJJRXXXXXXXXX
IIPPYLBVDNAAUJJRXXXXXXXXX
Case #90:
XXBIUUECCCZVVDYOAAALTPJJJ
XXBIUUECCCKVVDYOAAALTPJJJ
XXBIUUECCCKVVDYOAAALTPJJJ
XXBIUUECCCKVVDYOAAALTPJJJ
XXBIUUECCCKVVDYOAAALTPJJJ
XXBIUUECCCNVVRYOAAALTPJJJ
XXBIUUECCCNVVRYOAAALTPJJJ
XXBIUUECCCNVVRYOAAALTPJJJ
XXBIUUECCCNVVRYOAAALTPMMM
XXBIUUECCCNVVRYOAAALTPFFF
XXBIUUECCCNVVRYOAAALTPFFF
XXBIUUECCCNVVRYOAAALTPFFF
XXBIUUECCCNVVRYWAAALTHFFF
XXBIUUECCCNVVRYWAAALTHFFF
XXBIUUECCCNVVRYWAAALTHFFF
XXBIUUECCCNVVRYWAAALTSFFF
XXBIUUECCCNVVRYWAAALTSFFF
XXBIUUECCCNVVRYWAAALTSFFF
XXBIUUECCCNVVRYWAAALTSFFF
XXBIUUECCCNVVRYWAAAQTSFFF
XXBIUUECCCNVVRYWAAAQTSFFF
XXGIUUECCCNVVRYWAAAQTSFFF
XXGIUUECCCNVVRYWAAAQTSFFF
XXGIUUECCCNVVRYWAAAQTSFFF
XXGIUUECCCNVVRYWAAAQTSFFF
Case #91:
BACJH
BAKFG
DAIEG
Case #92:
ANBOCPDQERFSGTHUIVJWKXLYM
ANBOCPDQERFSGTHUIVJWKXLYM
ZNBOCPDQERFSGTHUIVJWKXLYM
ZNBOCPDQERFSGTHUIVJWKXLYM
ZNBOCPDQERFSGTHUIVJWKXLYM
ZNBOCPDQERFSGTHUIVJWKXLYM
ZNBOCPDQERFSGTHUIVJWKXLYM
ZNBOCPDQERFSGTHUIVJWKXLYM
ZNBOCPDQERFSGTHUIVJWKXLYM
ZNBOCPDQERFSGTHUIVJWKXLYM
ZNBOCPDQERFSGTHUIVJWKXLYM
ZNBOCPDQERFSGTHUIVJWKXLYM
ZNBOCPDQERFSGTHUIVJWKXLYM
ZNBOCPDQERFSGTHUIVJWKXLYM
ZNBOCPDQERFSGTHUIVJWKXLYM
ZNBOCPDQERFSGTHUIVJWKXLYM
ZNBOCPDQERFSGTHUIVJWKXLYM
ZNBOCPDQERFSGTHUIVJWKXLYM
ZNBOCPDQERFSGTHUIVJWKXLYM
ZNBOCPDQERFSGTHUIVJWKXLYM
ZNBOCPDQERFSGTHUIVJWKXLYM
ZNBOCPDQERFSGTHUIVJWKXLYM
ZNBOCPDQERFSGTHUIVJWKXLYM
ZNBOCPDQERFSGTHUIVJWKXLYM
ZNBOCPDQERFSGTHUIVJWKXLYM
Case #93:
LLLLLLLLLLLLLQDWIRUZNFXKT
LLLLLLLLLLLLLQDWIRUZNFXKT
LLLLLLLLLLLLLQDWIRUZNFXKT
LLLLLLLLLLLLLQDWIRUZNFXKT
LLLLLLLLLLLLLQDWIRUZNFXKT
LLLLLLLLLLLLLQDWIRUZNFXKT
LLLLLLLLLLLLLQDWIRUZNFXKT
LLLLLLLLLLLLLQDWIRUZNFXKT
LLLLLLLLLLLLLQDWIRUZSFXKT
LLLLLLLLLLLLLQDWIRUVSFXKT
LLLLLLLLLLLLLQDWIRUVSFXKT
LLLLLLLLLLLLLQDWIRUVSFXKT
LLLLLLLLLLLLLQDWIRUVSBXKT
LLLLLLLLLLLLLQDWIRUVSBXKT
LLLLLLLLLLLLLQDWIRUVSBXOT
LLLLLLLLLLLLLQDWIYUESMXOT
LLLLLLLLLLLLLQDWIYUESMXGT
LLLLLLLLLLLLLQDWIYUEHMXGC
LLLLLLLLLLLLLQDWIYUEHMXAC
LLLLLLLLLLLLLQDWIYUJHMXAC
LLLLLLLLLLLLLQDWIYUJHPXAC
LLLLLLLLLLLLLQDWIYUJHPXAC
LLLLLLLLLLLLLQDWIYUJHPXAC
LLLLLLLLLLLLLQDWIYUJHPXAC
LLLLLLLLLLLLLQDWIYUJHPXAC
Case #94:
AAAAAAAAAAAAAAAAAACDEEEEE
AAAAAAAAAAAAAAAAAACDEEEEE
AAAAAAAAAAAAAAAAAACDEEEEE
AAAAAAAAAAAAAAAAAACDEEEEE
AAAAAAAAAAAAAAAAAACDEEEEE
AAAAAAAAAAAAAAAAAACDEEEEE
AAAAAAAAAAAAAAAAAACDEEEEE
AAAAAAAAAAAAAAAAAACDEEEEE
AAAAAAAAAAAAAAAAAACDEEEEE
AAAAAAAAAAAAAAAAAACDEEEEE
AAAAAAAAAAAAAAAAAACDEEEEE
AAAAAAAAAAAAAAAAAACDEEEEE
AAAAAAAAAAAAAAAAAACDEEEEE
AAAAAAAAAAAAAAAAAACDEEEEE
AAAAAAAAAAAAAAAAAACDEEEEE
AAAAAAAAAAAAAAAAAACDEEEEE
AAAAAAAAAAAAAAAAAACDEEEEE
AAAAAAAAAAAAAAAAAACDEEEEE
BBBBBBBBBBBBBBBBBBCDEEEEE
BBBBBBBBBBBBBBBBBBCDEEEEE
BBBBBBBBBBBBBBBBBBCDEEEEE
BBBBBBBBBBBBBBBBBBCDEEEEE
BBBBBBBBBBBBBBBBBBCDEEEEE
BBBBBBBBBBBBBBBBBBCDEEEEE
BBBBBBBBBBBBBBBBBBCDEEEEE
Case #95:
JKPRDG
JNPRDO
CLPRDI
CLABDI
CHQEDI
MHQFDI
Case #96:
AIJB
AIJE
AIDF
AIGC
AIGH
AIGH
Case #97:
AAAAAAAAACDEEFFFFFJGGGGGG
AAAAAAAAACDEEFFFFFJGGGGGG
AAAAAAAAACDEEFFFFFJGGGGGG
AAAAAAAAACDEEFFFFFJGGGGGG
AAAAAAAAACDEEFFFFFJGGGGGG
AAAAAAAAACDEEFFFFFJGGGGGG
AAAAAAAAACDEEFFFFFJGGGGGG
AAAAAAAAACDEEFFFFFJGGGGGG
AAAAAAAAACDEEFFFFFJGGGGGG
AAAAAAAAACDEEFFFFFJGGGGGG
BBBBBBBBBCDEEFFFFFJGGGGGG
BBBBBBBBBCDEEFFFFFJGGGGGG
BBBBBBBBBCDEEFFFFFJGGGGGG
BBBBBBBBBCDEEFFFFFJGGGGGG
BBBBBBBBBCDEEHHHHHJGGGGGG
BBBBBBBBBCDEEHHHHHJIIIIII
BBBBBBBBBCDEEHHHHHJIIIIII
BBBBBBBBBCDEEHHHHHJIIIIII
BBBBBBBBBCDEEHHHHHJIIIIII
BBBBBBBBBCDEEHHHHHJIIIIII
BBBBBBBBBCDEEHHHHHJIIIIII
BBBBBBBBBCDEEHHHHHJIIIIII
BBBBBBBBBCDEEHHHHHJIIIIII
BBBBBBBBBCDEEHHHHHJIIIIII
BBBBBBBBBCDEEHHHHHJIIIIII
Case #98:
AAAAAAEBBBBBBBBBBBBBBBBBB
AAAAAAEBBBBBBBBBBBBBBBBBB
AAAAAAEBBBBBBBBBBBBBBBBBB
AAAAAAEBBBBBBBBBBBBBBBBBB
AAAAAAEBBBBBBBBBBBBBBBBBB
AAAAAAEBBBBBBBBBBBBBBBBBB
AAAAAAEBBBBBBBBBBBBBBBBBB
AAAAAAEBBBBBBBBBBBBBBBBBB
AAAAAAEBBBBBBBBBBBBBBBBBB
AAAAAAEBBBBBBBBBBBBBBBBBB
CCCCCCEBBBBBBBBBBBBBBBBBB
CCCCCCEDDDDDDDDDDDDDDDDDD
CCCCCCEDDDDDDDDDDDDDDDDDD
CCCCCCEDDDDDDDDDDDDDDDDDD
CCCCCCEDDDDDDDDDDDDDDDDDD
CCCCCCEDDDDDDDDDDDDDDDDDD
CCCCCCEDDDDDDDDDDDDDDDDDD
CCCCCCEDDDDDDDDDDDDDDDDDD
CCCCCCEDDDDDDDDDDDDDDDDDD
CCCCCCEDDDDDDDDDDDDDDDDDD
CCCCCCEDDDDDDDDDDDDDDDDDD
CCCCCCEDDDDDDDDDDDDDDDDDD
CCCCCCEDDDDDDDDDDDDDDDDDD
CCCCCCEDDDDDDDDDDDDDDDDDD
CCCCCCEDDDDDDDDDDDDDDDDDD
Case #99:
NEFIRMYYYYYYYYYYYYYYYYYYY
NEFIRMYYYYYYYYYYYYYYYYYYY
NEFIRMYYYYYYYYYYYYYYYYYYY
NEFIRMYYYYYYYYYYYYYYYYYYY
NEFIRMYYYYYYYYYYYYYYYYYYY
NEFIRMYYYYYYYYYYYYYYYYYYY
NEFIRMYYYYYYYYYYYYYYYYYYY
NEFIRMYYYYYYYYYYYYYYYYYYY
NEFIRMYYYYYYYYYYYYYYYYYYY
NEFIRMYYYYYYYYYYYYYYYYYYY
NEFIRMYYYYYYYYYYYYYYYYYYY
NEFIRMYYYYYYYYYYYYYYYYYYY
GLFIRMYYYYYYYYYYYYYYYYYYY
GLWIRMYYYYYYYYYYYYYYYYYYY
GCWSOMYYYYYYYYYYYYYYYYYYY
GAWSOMYYYYYYYYYYYYYYYYYYY
GAWSHDYYYYYYYYYYYYYYYYYYY
ZQUPHDYYYYYYYYYYYYYYYYYYY
BQUJVDYYYYYYYYYYYYYYYYYYY
BTXJVDYYYYYYYYYYYYYYYYYYY
BKXJVDYYYYYYYYYYYYYYYYYYY
BKXJVDYYYYYYYYYYYYYYYYYYY
BKXJVDYYYYYYYYYYYYYYYYYYY
BKXJVDYYYYYYYYYYYYYYYYYYY
BKXJVDYYYYYYYYYYYYYYYYYYY
Case #100:
PU
BU
ZU
RC
OC
AS
AS
HS
WD
WE
MK
MK
QL
GL
GL
GT
JX
YX
YX
YV
YV
YI
YI
YI
FN
